<?xml version="1.0" encoding="UTF-8"?>
<coverage generated="1790010817255" clover="3.2.0">
  <project timestamp="1790010817255" name="All files">
    <metrics statements="258" coveredstatements="248" conditionals="205" coveredconditionals="173" methods="58" coveredmethods="50" elements="521" coveredelements="471" complexity="0" loc="258" ncloc="258" packages="3" files="6" classes="6"/>
    <package name="src">
      <metrics statements="166" coveredstatements="161" conditionals="143" coveredconditionals="124" methods="36" coveredmethods="32"/>
      <file name="app.ts" path="/home/rudolph/src/mise/apps/porter/src/app.ts">
        <metrics statements="130" coveredstatements="125" conditionals="103" coveredconditionals="85" methods="26" coveredmethods="22"/>
        <line num="57" count="1" type="stmt"/>
        <line num="69" count="1" type="stmt"/>
        <line num="81" count="5" type="cond" truecount="2" falsecount="0"/>
        <line num="82" count="5" type="stmt"/>
        <line num="83" count="5" type="cond" truecount="2" falsecount="0"/>
        <line num="84" count="5" type="cond" truecount="2" falsecount="0"/>
        <line num="85" count="5" type="cond" truecount="4" falsecount="0"/>
        <line num="87" count="3" type="stmt"/>
        <line num="89" count="5" type="stmt"/>
        <line num="90" count="5" type="cond" truecount="2" falsecount="0"/>
        <line num="101" count="10" type="stmt"/>
        <line num="102" count="10" type="cond" truecount="2" falsecount="0"/>
        <line num="103" count="8" type="cond" truecount="2" falsecount="2"/>
        <line num="114" count="13" type="cond" truecount="2" falsecount="0"/>
        <line num="118" count="8" type="stmt"/>
        <line num="119" count="8" type="stmt"/>
        <line num="120" count="8" type="cond" truecount="1" falsecount="1"/>
        <line num="121" count="8" type="cond" truecount="1" falsecount="1"/>
        <line num="122" count="8" type="stmt"/>
        <line num="123" count="8" type="stmt"/>
        <line num="125" count="0" type="stmt"/>
        <line num="127" count="8" type="stmt"/>
        <line num="129" count="8" type="cond" truecount="1" falsecount="1"/>
        <line num="130" count="8" type="stmt"/>
        <line num="131" count="8" type="cond" truecount="5" falsecount="0"/>
        <line num="136" count="20" type="cond" truecount="2" falsecount="0"/>
        <line num="137" count="20" type="cond" truecount="1" falsecount="1"/>
        <line num="138" count="20" type="cond" truecount="3" falsecount="0"/>
        <line num="148" count="24" type="stmt"/>
        <line num="149" count="24" type="cond" truecount="1" falsecount="1"/>
        <line num="150" count="24" type="stmt"/>
        <line num="151" count="24" type="cond" truecount="2" falsecount="0"/>
        <line num="152" count="24" type="stmt"/>
        <line num="153" count="24" type="stmt"/>
        <line num="154" count="24" type="stmt"/>
        <line num="157" count="24" type="stmt"/>
        <line num="159" count="24" type="stmt"/>
        <line num="161" count="24" type="stmt"/>
        <line num="162" count="2" type="stmt"/>
        <line num="163" count="2" type="cond" truecount="2" falsecount="0"/>
        <line num="164" count="2" type="cond" truecount="2" falsecount="0"/>
        <line num="167" count="24" type="stmt"/>
        <line num="168" count="2" type="stmt"/>
        <line num="169" count="2" type="stmt"/>
        <line num="170" count="2" type="cond" truecount="4" falsecount="0"/>
        <line num="173" count="24" type="stmt"/>
        <line num="174" count="18" type="stmt"/>
        <line num="175" count="18" type="stmt"/>
        <line num="176" count="5" type="cond" truecount="2" falsecount="0"/>
        <line num="177" count="18" type="stmt"/>
        <line num="178" count="18" type="cond" truecount="2" falsecount="0"/>
        <line num="179" count="1" type="stmt"/>
        <line num="181" count="17" type="stmt"/>
        <line num="182" count="17" type="stmt"/>
        <line num="183" count="17" type="cond" truecount="2" falsecount="0"/>
        <line num="184" count="3" type="cond" truecount="1" falsecount="1"/>
        <line num="186" count="14" type="stmt"/>
        <line num="187" count="14" type="stmt"/>
        <line num="188" count="14" type="cond" truecount="2" falsecount="0"/>
        <line num="190" count="14" type="cond" truecount="2" falsecount="0"/>
        <line num="191" count="4" type="stmt"/>
        <line num="193" count="10" type="stmt"/>
        <line num="194" count="10" type="stmt"/>
        <line num="196" count="1" type="cond" truecount="1" falsecount="1"/>
        <line num="199" count="13" type="stmt"/>
        <line num="200" count="13" type="stmt"/>
        <line num="201" count="13" type="cond" truecount="2" falsecount="0"/>
        <line num="202" count="12" type="stmt"/>
        <line num="204" count="1" type="stmt"/>
        <line num="207" count="24" type="stmt"/>
        <line num="208" count="2" type="stmt"/>
        <line num="209" count="2" type="cond" truecount="2" falsecount="0"/>
        <line num="212" count="24" type="stmt"/>
        <line num="213" count="6" type="stmt"/>
        <line num="214" count="6" type="cond" truecount="2" falsecount="0"/>
        <line num="215" count="3" type="stmt"/>
        <line num="216" count="3" type="stmt"/>
        <line num="218" count="3" type="stmt"/>
        <line num="219" count="3" type="cond" truecount="1" falsecount="1"/>
        <line num="220" count="0" type="stmt"/>
        <line num="221" count="0" type="stmt"/>
        <line num="223" count="3" type="stmt"/>
        <line num="228" count="3" type="stmt"/>
        <line num="229" count="6" type="stmt"/>
        <line num="231" count="3" type="stmt"/>
        <line num="232" count="1" type="stmt"/>
        <line num="234" count="1" type="cond" truecount="1" falsecount="1"/>
        <line num="235" count="1" type="stmt"/>
        <line num="238" count="3" type="cond" truecount="2" falsecount="0"/>
        <line num="241" count="1" type="stmt"/>
        <line num="242" count="1" type="stmt"/>
        <line num="243" count="1" type="stmt"/>
        <line num="245" count="2" type="stmt"/>
        <line num="246" count="2" type="cond" truecount="2" falsecount="0"/>
        <line num="247" count="1" type="cond" truecount="2" falsecount="0"/>
        <line num="248" count="1" type="stmt"/>
        <line num="249" count="1" type="stmt"/>
        <line num="251" count="1" type="stmt"/>
        <line num="255" count="24" type="stmt"/>
        <line num="256" count="3" type="stmt"/>
        <line num="257" count="3" type="cond" truecount="4" falsecount="0"/>
        <line num="258" count="2" type="stmt"/>
        <line num="260" count="1" type="stmt"/>
        <line num="261" count="1" type="cond" truecount="1" falsecount="1"/>
        <line num="262" count="1" type="stmt"/>
        <line num="264" count="0" type="stmt"/>
        <line num="265" count="0" type="stmt"/>
        <line num="268" count="24" type="stmt"/>
        <line num="271" count="1" type="stmt"/>
        <line num="272" count="1" type="stmt"/>
        <line num="277" count="24" type="stmt"/>
        <line num="278" count="21" type="stmt"/>
        <line num="279" count="3" type="cond" truecount="1" falsecount="1"/>
        <line num="280" count="3" type="cond" truecount="1" falsecount="1"/>
        <line num="281" count="3" type="cond" truecount="5" falsecount="0"/>
        <line num="282" count="2" type="stmt"/>
        <line num="283" count="2" type="stmt"/>
        <line num="285" count="1" type="stmt"/>
        <line num="286" count="1" type="stmt"/>
        <line num="287" count="1" type="stmt"/>
        <line num="288" count="1" type="cond" truecount="1" falsecount="1"/>
        <line num="289" count="1" type="stmt"/>
        <line num="290" count="7" type="cond" truecount="2" falsecount="2"/>
        <line num="292" count="1" type="stmt"/>
        <line num="293" count="1" type="cond" truecount="1" falsecount="1"/>
        <line num="294" count="1" type="stmt"/>
        <line num="295" count="1" type="stmt"/>
        <line num="297" count="1" type="stmt"/>
        <line num="298" count="1" type="stmt"/>
        <line num="302" count="24" type="stmt"/>
      </file>
      <file name="config.ts" path="/home/rudolph/src/mise/apps/porter/src/config.ts">
        <metrics statements="23" coveredstatements="23" conditionals="36" coveredconditionals="35" methods="2" coveredmethods="2"/>
        <line num="50" count="1" type="stmt"/>
        <line num="57" count="1" type="stmt"/>
        <line num="66" count="1" type="stmt"/>
        <line num="67" count="1" type="stmt"/>
        <line num="80" count="11" type="stmt"/>
        <line num="81" count="11" type="cond" truecount="4" falsecount="0"/>
        <line num="82" count="1" type="stmt"/>
        <line num="84" count="10" type="stmt"/>
        <line num="85" count="10" type="stmt"/>
        <line num="87" count="1" type="stmt"/>
        <line num="89" count="9" type="cond" truecount="2" falsecount="0"/>
        <line num="90" count="9" type="stmt"/>
        <line num="91" count="9" type="cond" truecount="5" falsecount="0"/>
        <line num="92" count="1" type="stmt"/>
        <line num="94" count="8" type="cond" truecount="2" falsecount="0"/>
        <line num="95" count="8" type="stmt"/>
        <line num="96" count="8" type="cond" truecount="4" falsecount="0"/>
        <line num="97" count="1" type="stmt"/>
        <line num="99" count="7" type="cond" truecount="2" falsecount="0"/>
        <line num="102" count="7" type="cond" truecount="2" falsecount="0"/>
        <line num="103" count="7" type="cond" truecount="4" falsecount="0"/>
        <line num="104" count="1" type="stmt"/>
        <line num="106" count="6" type="stmt"/>
      </file>
      <file name="door.ts" path="/home/rudolph/src/mise/apps/porter/src/door.ts">
        <metrics statements="5" coveredstatements="5" conditionals="2" coveredconditionals="2" methods="3" coveredmethods="3"/>
        <line num="18" count="1" type="stmt"/>
        <line num="38" count="13" type="stmt"/>
        <line num="48" count="3" type="stmt"/>
        <line num="59" count="2" type="cond" truecount="2" falsecount="0"/>
        <line num="60" count="2" type="stmt"/>
      </file>
      <file name="registry.ts" path="/home/rudolph/src/mise/apps/porter/src/registry.ts">
        <metrics statements="8" coveredstatements="8" conditionals="2" coveredconditionals="2" methods="5" coveredmethods="5"/>
        <line num="26" count="24" type="stmt"/>
        <line num="35" count="13" type="stmt"/>
        <line num="40" count="13" type="stmt"/>
        <line num="41" count="13" type="stmt"/>
        <line num="42" count="13" type="stmt"/>
        <line num="47" count="8" type="cond" truecount="2" falsecount="0"/>
        <line num="52" count="2" type="stmt"/>
        <line num="57" count="3" type="stmt"/>
      </file>
    </package>
    <package name="src.cube">
      <metrics statements="10" coveredstatements="10" conditionals="17" coveredconditionals="14" methods="1" coveredmethods="1"/>
      <file name="auth.ts" path="/home/rudolph/src/mise/apps/porter/src/cube/auth.ts">
        <metrics statements="10" coveredstatements="10" conditionals="17" coveredconditionals="14" methods="1" coveredmethods="1"/>
        <line num="39" count="6" type="stmt"/>
        <line num="40" count="6" type="stmt"/>
        <line num="46" count="1" type="cond" truecount="1" falsecount="1"/>
        <line num="48" count="5" type="cond" truecount="2" falsecount="0"/>
        <line num="49" count="3" type="cond" truecount="4" falsecount="0"/>
        <line num="51" count="2" type="stmt"/>
        <line num="52" count="2" type="cond" truecount="3" falsecount="1"/>
        <line num="53" count="2" type="cond" truecount="4" falsecount="0"/>
        <line num="54" count="1" type="stmt"/>
        <line num="56" count="1" type="stmt"/>
      </file>
    </package>
    <package name="src.host">
      <metrics statements="82" coveredstatements="77" conditionals="45" coveredconditionals="35" methods="21" coveredmethods="17"/>
      <file name="processHost.ts" path="/home/rudolph/src/mise/apps/porter/src/host/processHost.ts">
        <metrics statements="82" coveredstatements="77" conditionals="45" coveredconditionals="35" methods="21" coveredmethods="17"/>
        <line num="78" count="1" type="stmt"/>
        <line num="79" count="0" type="stmt"/>
        <line num="80" count="0" type="stmt"/>
        <line num="90" count="12" type="cond" truecount="1" falsecount="1"/>
        <line num="91" count="12" type="stmt"/>
        <line num="92" count="12" type="stmt"/>
        <line num="93" count="3" type="stmt"/>
        <line num="94" count="3" type="stmt"/>
        <line num="95" count="3" type="stmt"/>
        <line num="96" count="3" type="stmt"/>
        <line num="97" count="3" type="stmt"/>
        <line num="98" count="3" type="stmt"/>
        <line num="101" count="12" type="stmt"/>
        <line num="102" count="0" type="cond" truecount="0" falsecount="2"/>
        <line num="103" count="0" type="stmt"/>
        <line num="115" count="7" type="stmt"/>
        <line num="118" count="7" type="stmt"/>
        <line num="119" count="7" type="stmt"/>
        <line num="120" count="7" type="cond" truecount="1" falsecount="1"/>
        <line num="121" count="7" type="cond" truecount="1" falsecount="1"/>
        <line num="122" count="7" type="cond" truecount="1" falsecount="1"/>
        <line num="123" count="7" type="cond" truecount="1" falsecount="1"/>
        <line num="133" count="31" type="stmt"/>
        <line num="134" count="31" type="stmt"/>
        <line num="144" count="19" type="stmt"/>
        <line num="145" count="19" type="cond" truecount="2" falsecount="0"/>
        <line num="146" count="6" type="stmt"/>
        <line num="147" count="6" type="stmt"/>
        <line num="148" count="6" type="cond" truecount="4" falsecount="1"/>
        <line num="149" count="6" type="stmt"/>
        <line num="154" count="0" type="stmt"/>
        <line num="159" count="3" type="stmt"/>
        <line num="160" count="3" type="cond" truecount="2" falsecount="0"/>
        <line num="161" count="2" type="cond" truecount="2" falsecount="0"/>
        <line num="166" count="7" type="stmt"/>
        <line num="167" count="7" type="cond" truecount="2" falsecount="0"/>
        <line num="168" count="6" type="stmt"/>
        <line num="176" count="6" type="stmt"/>
        <line num="177" count="6" type="stmt"/>
        <line num="178" count="6" type="stmt"/>
        <line num="183" count="6" type="stmt"/>
        <line num="184" count="24" type="stmt"/>
        <line num="185" count="6" type="stmt"/>
        <line num="195" count="6" type="stmt"/>
        <line num="196" count="6" type="stmt"/>
        <line num="197" count="6" type="stmt"/>
        <line num="198" count="3" type="stmt"/>
        <line num="199" count="3" type="stmt"/>
        <line num="200" count="3" type="stmt"/>
        <line num="202" count="6" type="stmt"/>
        <line num="203" count="6" type="stmt"/>
        <line num="204" count="6" type="stmt"/>
        <line num="205" count="6" type="stmt"/>
        <line num="206" count="6" type="cond" truecount="1" falsecount="1"/>
        <line num="208" count="6" type="stmt"/>
        <line num="209" count="6" type="stmt"/>
        <line num="210" count="17" type="cond" truecount="2" falsecount="0"/>
        <line num="211" count="1" type="stmt"/>
        <line num="213" count="16" type="stmt"/>
        <line num="214" count="16" type="cond" truecount="4" falsecount="0"/>
        <line num="215" count="4" type="stmt"/>
        <line num="216" count="4" type="stmt"/>
        <line num="218" count="12" type="stmt"/>
        <line num="220" count="1" type="stmt"/>
        <line num="221" count="1" type="stmt"/>
        <line num="228" count="6" type="stmt"/>
        <line num="229" count="6" type="stmt"/>
        <line num="230" count="6" type="stmt"/>
        <line num="231" count="6" type="stmt"/>
        <line num="232" count="6" type="cond" truecount="2" falsecount="0"/>
        <line num="237" count="3" type="stmt"/>
        <line num="238" count="3" type="cond" truecount="1" falsecount="1"/>
        <line num="239" count="3" type="cond" truecount="2" falsecount="0"/>
        <line num="240" count="3" type="cond" truecount="2" falsecount="0"/>
        <line num="241" count="3" type="stmt"/>
        <line num="246" count="2" type="stmt"/>
        <line num="247" count="2" type="cond" truecount="4" falsecount="0"/>
        <line num="248" count="1" type="stmt"/>
        <line num="249" count="1" type="stmt"/>
        <line num="250" count="1" type="stmt"/>
        <line num="254" count="1" type="stmt"/>
        <line num="255" count="1" type="stmt"/>
      </file>
    </package>
  </project>
</coverage>
