{"/home/rudolph/src/mise/apps/porter/src/app.ts": {"path":"/home/rudolph/src/mise/apps/porter/src/app.ts","statementMap":{"0":{"start":{"line":49,"column":29},"end":{"line":52,"column":2}},"1":{"start":{"line":61,"column":2},"end":{"line":61,"column":42}},"2":{"start":{"line":73,"column":23},"end":{"line":73,"column":63}},"3":{"start":{"line":74,"column":22},"end":{"line":74,"column":39}},"4":{"start":{"line":75,"column":27},"end":{"line":75,"column":65}},"5":{"start":{"line":76,"column":33},"end":{"line":76,"column":91}},"6":{"start":{"line":77,"column":2},"end":{"line":80,"column":3}},"7":{"start":{"line":79,"column":4},"end":{"line":79,"column":30}},"8":{"start":{"line":81,"column":23},"end":{"line":81,"column":39}},"9":{"start":{"line":82,"column":2},"end":{"line":82,"column":60}},"10":{"start":{"line":93,"column":41},"end":{"line":93,"column":108}},"11":{"start":{"line":94,"column":2},"end":{"line":94,"column":34}},"12":{"start":{"line":94,"column":22},"end":{"line":94,"column":34}},"13":{"start":{"line":95,"column":2},"end":{"line":95,"column":56}},"14":{"start":{"line":105,"column":27},"end":{"line":105,"column":34}},"15":{"start":{"line":106,"column":15},"end":{"line":106,"column":45}},"16":{"start":{"line":107,"column":36},"end":{"line":107,"column":57}},"17":{"start":{"line":108,"column":31},"end":{"line":108,"column":75}},"18":{"start":{"line":109,"column":2},"end":{"line":109,"column":32}},"19":{"start":{"line":111,"column":2},"end":{"line":111,"column":160}},"20":{"start":{"line":111,"column":90},"end":{"line":111,"column":157}},"21":{"start":{"line":113,"column":2},"end":{"line":138,"column":5}},"22":{"start":{"line":114,"column":19},"end":{"line":114,"column":63}},"23":{"start":{"line":115,"column":4},"end":{"line":117,"column":5}},"24":{"start":{"line":116,"column":6},"end":{"line":116,"column":87}},"25":{"start":{"line":118,"column":35},"end":{"line":118,"column":46}},"26":{"start":{"line":119,"column":30},"end":{"line":119,"column":76}},"27":{"start":{"line":120,"column":4},"end":{"line":122,"column":5}},"28":{"start":{"line":121,"column":6},"end":{"line":121,"column":73}},"29":{"start":{"line":123,"column":29},"end":{"line":123,"column":73}},"30":{"start":{"line":124,"column":32},"end":{"line":124,"column":57}},"31":{"start":{"line":125,"column":42},"end":{"line":125,"column":81}},"32":{"start":{"line":127,"column":4},"end":{"line":135,"column":5}},"33":{"start":{"line":128,"column":6},"end":{"line":128,"column":20}},"34":{"start":{"line":130,"column":6},"end":{"line":134,"column":7}},"35":{"start":{"line":131,"column":8},"end":{"line":131,"column":83}},"36":{"start":{"line":133,"column":8},"end":{"line":133,"column":135}},"37":{"start":{"line":136,"column":32},"end":{"line":136,"column":72}},"38":{"start":{"line":137,"column":4},"end":{"line":137,"column":64}},"39":{"start":{"line":140,"column":2},"end":{"line":176,"column":5}},"40":{"start":{"line":141,"column":25},"end":{"line":141,"column":63}},"41":{"start":{"line":142,"column":39},"end":{"line":142,"column":56}},"42":{"start":{"line":143,"column":4},"end":{"line":146,"column":5}},"43":{"start":{"line":144,"column":6},"end":{"line":144,"column":74}},"44":{"start":{"line":145,"column":6},"end":{"line":145,"column":13}},"45":{"start":{"line":147,"column":4},"end":{"line":151,"column":7}},"46":{"start":{"line":152,"column":23},"end":{"line":154,"column":5}},"47":{"start":{"line":153,"column":6},"end":{"line":153,"column":75}},"48":{"start":{"line":155,"column":21},"end":{"line":161,"column":6}},"49":{"start":{"line":156,"column":38},"end":{"line":156,"column":62}},"50":{"start":{"line":158,"column":8},"end":{"line":158,"column":54}},"51":{"start":{"line":159,"column":8},"end":{"line":159,"column":24}},"52":{"start":{"line":162,"column":4},"end":{"line":168,"column":5}},"53":{"start":{"line":165,"column":6},"end":{"line":165,"column":44}},"54":{"start":{"line":166,"column":6},"end":{"line":166,"column":22}},"55":{"start":{"line":167,"column":6},"end":{"line":167,"column":13}},"56":{"start":{"line":169,"column":4},"end":{"line":169,"column":71}},"57":{"start":{"line":169,"column":46},"end":{"line":169,"column":71}},"58":{"start":{"line":170,"column":4},"end":{"line":174,"column":5}},"59":{"start":{"line":171,"column":6},"end":{"line":171,"column":84}},"60":{"start":{"line":172,"column":6},"end":{"line":172,"column":22}},"61":{"start":{"line":173,"column":6},"end":{"line":173,"column":13}},"62":{"start":{"line":175,"column":4},"end":{"line":175,"column":62}},"63":{"start":{"line":175,"column":42},"end":{"line":175,"column":60}},"64":{"start":{"line":179,"column":2},"end":{"line":188,"column":5}},"65":{"start":{"line":180,"column":18},"end":{"line":180,"column":45}},"66":{"start":{"line":181,"column":39},"end":{"line":181,"column":86}},"67":{"start":{"line":182,"column":4},"end":{"line":184,"column":5}},"68":{"start":{"line":183,"column":6},"end":{"line":183,"column":75}},"69":{"start":{"line":185,"column":4},"end":{"line":187,"column":7}},"70":{"start":{"line":186,"column":33},"end":{"line":186,"column":58}},"71":{"start":{"line":189,"column":2},"end":{"line":194,"column":5}},"72":{"start":{"line":192,"column":25},"end":{"line":192,"column":63}},"73":{"start":{"line":193,"column":4},"end":{"line":193,"column":44}},"74":{"start":{"line":198,"column":2},"end":{"line":221,"column":5}},"75":{"start":{"line":199,"column":4},"end":{"line":220,"column":7}},"76":{"start":{"line":200,"column":20},"end":{"line":200,"column":54}},"77":{"start":{"line":201,"column":41},"end":{"line":201,"column":88}},"78":{"start":{"line":202,"column":6},"end":{"line":205,"column":7}},"79":{"start":{"line":203,"column":8},"end":{"line":203,"column":25}},"80":{"start":{"line":204,"column":8},"end":{"line":204,"column":15}},"81":{"start":{"line":206,"column":26},"end":{"line":206,"column":50}},"82":{"start":{"line":207,"column":31},"end":{"line":217,"column":8}},"83":{"start":{"line":208,"column":29},"end":{"line":208,"column":78}},"84":{"start":{"line":209,"column":32},"end":{"line":209,"column":79}},"85":{"start":{"line":210,"column":8},"end":{"line":212,"column":9}},"86":{"start":{"line":211,"column":10},"end":{"line":211,"column":90}},"87":{"start":{"line":213,"column":8},"end":{"line":213,"column":56}},"88":{"start":{"line":214,"column":8},"end":{"line":214,"column":50}},"89":{"start":{"line":214,"column":29},"end":{"line":214,"column":50}},"90":{"start":{"line":215,"column":8},"end":{"line":215,"column":30}},"91":{"start":{"line":216,"column":8},"end":{"line":216,"column":30}},"92":{"start":{"line":218,"column":6},"end":{"line":218,"column":62}},"93":{"start":{"line":218,"column":41},"end":{"line":218,"column":58}},"94":{"start":{"line":219,"column":6},"end":{"line":219,"column":62}},"95":{"start":{"line":219,"column":39},"end":{"line":219,"column":58}},"96":{"start":{"line":223,"column":2},"end":{"line":223,"column":27}}},"fnMap":{"0":{"name":"berthHttp_of","decl":{"start":{"line":60,"column":16},"end":{"line":60,"column":28}},"loc":{"start":{"line":60,"column":41},"end":{"line":62,"column":1}}},"1":{"name":"upstreamPath_build","decl":{"start":{"line":72,"column":16},"end":{"line":72,"column":34}},"loc":{"start":{"line":72,"column":62},"end":{"line":83,"column":1}}},"2":{"name":"mountUrl_split","decl":{"start":{"line":92,"column":16},"end":{"line":92,"column":30}},"loc":{"start":{"line":92,"column":42},"end":{"line":96,"column":1}}},"3":{"name":"porterApp_build","decl":{"start":{"line":104,"column":22},"end":{"line":104,"column":37}},"loc":{"start":{"line":104,"column":63},"end":{"line":224,"column":1}}},"4":{"name":"(anonymous_4)","decl":{"start":{"line":111,"column":22},"end":{"line":111,"column":27}},"loc":{"start":{"line":111,"column":90},"end":{"line":111,"column":157}}},"5":{"name":"(anonymous_5)","decl":{"start":{"line":113,"column":24},"end":{"line":113,"column":29}},"loc":{"start":{"line":113,"column":97},"end":{"line":138,"column":3}}},"6":{"name":"(anonymous_6)","decl":{"start":{"line":140,"column":24},"end":{"line":140,"column":29}},"loc":{"start":{"line":140,"column":94},"end":{"line":176,"column":3}}},"7":{"name":"(anonymous_7)","decl":{"start":{"line":152,"column":23},"end":{"line":152,"column":24}},"loc":{"start":{"line":152,"column":61},"end":{"line":154,"column":5}}},"8":{"name":"(anonymous_8)","decl":{"start":{"line":156,"column":12},"end":{"line":156,"column":13}},"loc":{"start":{"line":156,"column":38},"end":{"line":156,"column":62}}},"9":{"name":"(anonymous_9)","decl":{"start":{"line":157,"column":12},"end":{"line":157,"column":13}},"loc":{"start":{"line":157,"column":65},"end":{"line":160,"column":7}}},"10":{"name":"(anonymous_10)","decl":{"start":{"line":175,"column":30},"end":{"line":175,"column":39}},"loc":{"start":{"line":175,"column":42},"end":{"line":175,"column":60}}},"11":{"name":"(anonymous_11)","decl":{"start":{"line":179,"column":23},"end":{"line":179,"column":28}},"loc":{"start":{"line":179,"column":96},"end":{"line":188,"column":3}}},"12":{"name":"(anonymous_12)","decl":{"start":{"line":186,"column":19},"end":{"line":186,"column":30}},"loc":{"start":{"line":186,"column":33},"end":{"line":186,"column":58}}},"13":{"name":"(anonymous_13)","decl":{"start":{"line":189,"column":21},"end":{"line":189,"column":26}},"loc":{"start":{"line":189,"column":91},"end":{"line":194,"column":3}}},"14":{"name":"(anonymous_14)","decl":{"start":{"line":198,"column":25},"end":{"line":198,"column":30}},"loc":{"start":{"line":198,"column":51},"end":{"line":221,"column":3}}},"15":{"name":"(anonymous_15)","decl":{"start":{"line":199,"column":29},"end":{"line":199,"column":30}},"loc":{"start":{"line":199,"column":94},"end":{"line":220,"column":5}}},"16":{"name":"(anonymous_16)","decl":{"start":{"line":207,"column":81},"end":{"line":207,"column":90}},"loc":{"start":{"line":207,"column":92},"end":{"line":217,"column":7}}},"17":{"name":"(anonymous_17)","decl":{"start":{"line":218,"column":27},"end":{"line":218,"column":36}},"loc":{"start":{"line":218,"column":38},"end":{"line":218,"column":60}}},"18":{"name":"(anonymous_18)","decl":{"start":{"line":219,"column":25},"end":{"line":219,"column":34}},"loc":{"start":{"line":219,"column":36},"end":{"line":219,"column":60}}}},"branchMap":{"0":{"loc":{"start":{"line":73,"column":23},"end":{"line":73,"column":63}},"type":"cond-expr","locations":[{"start":{"line":73,"column":46},"end":{"line":73,"column":50}},{"start":{"line":73,"column":53},"end":{"line":73,"column":63}}]},"1":{"loc":{"start":{"line":75,"column":27},"end":{"line":75,"column":65}},"type":"cond-expr","locations":[{"start":{"line":75,"column":40},"end":{"line":75,"column":44}},{"start":{"line":75,"column":47},"end":{"line":75,"column":65}}]},"2":{"loc":{"start":{"line":76,"column":53},"end":{"line":76,"column":90}},"type":"cond-expr","locations":[{"start":{"line":76,"column":66},"end":{"line":76,"column":68}},{"start":{"line":76,"column":71},"end":{"line":76,"column":90}}]},"3":{"loc":{"start":{"line":77,"column":2},"end":{"line":80,"column":3}},"type":"if","locations":[{"start":{"line":77,"column":2},"end":{"line":80,"column":3}}]},"4":{"loc":{"start":{"line":77,"column":6},"end":{"line":77,"column":45}},"type":"binary-expr","locations":[{"start":{"line":77,"column":6},"end":{"line":77,"column":25}},{"start":{"line":77,"column":29},"end":{"line":77,"column":45}}]},"5":{"loc":{"start":{"line":82,"column":9},"end":{"line":82,"column":59}},"type":"cond-expr","locations":[{"start":{"line":82,"column":27},"end":{"line":82,"column":48}},{"start":{"line":82,"column":51},"end":{"line":82,"column":59}}]},"6":{"loc":{"start":{"line":94,"column":2},"end":{"line":94,"column":34}},"type":"if","locations":[{"start":{"line":94,"column":2},"end":{"line":94,"column":34}}]},"7":{"loc":{"start":{"line":95,"column":16},"end":{"line":95,"column":30}},"type":"binary-expr","locations":[{"start":{"line":95,"column":16},"end":{"line":95,"column":24}},{"start":{"line":95,"column":28},"end":{"line":95,"column":30}}]},"8":{"loc":{"start":{"line":95,"column":38},"end":{"line":95,"column":53}},"type":"binary-expr","locations":[{"start":{"line":95,"column":38},"end":{"line":95,"column":46}},{"start":{"line":95,"column":50},"end":{"line":95,"column":53}}]},"9":{"loc":{"start":{"line":106,"column":15},"end":{"line":106,"column":45}},"type":"binary-expr","locations":[{"start":{"line":106,"column":15},"end":{"line":106,"column":27}},{"start":{"line":106,"column":31},"end":{"line":106,"column":45}}]},"10":{"loc":{"start":{"line":108,"column":49},"end":{"line":108,"column":72}},"type":"binary-expr","locations":[{"start":{"line":108,"column":49},"end":{"line":108,"column":63}},{"start":{"line":108,"column":67},"end":{"line":108,"column":72}}]},"11":{"loc":{"start":{"line":115,"column":4},"end":{"line":117,"column":5}},"type":"if","locations":[{"start":{"line":115,"column":4},"end":{"line":117,"column":5}}]},"12":{"loc":{"start":{"line":120,"column":4},"end":{"line":122,"column":5}},"type":"if","locations":[{"start":{"line":120,"column":4},"end":{"line":122,"column":5}}]},"13":{"loc":{"start":{"line":121,"column":43},"end":{"line":121,"column":69}},"type":"binary-expr","locations":[{"start":{"line":121,"column":43},"end":{"line":121,"column":56}},{"start":{"line":121,"column":60},"end":{"line":121,"column":69}}]},"14":{"loc":{"start":{"line":125,"column":42},"end":{"line":125,"column":81}},"type":"cond-expr","locations":[{"start":{"line":125,"column":59},"end":{"line":125,"column":69}},{"start":{"line":125,"column":72},"end":{"line":125,"column":81}}]},"15":{"loc":{"start":{"line":127,"column":4},"end":{"line":135,"column":5}},"type":"if","locations":[{"start":{"line":127,"column":4},"end":{"line":135,"column":5}},{"start":{"line":129,"column":11},"end":{"line":135,"column":5}}]},"16":{"loc":{"start":{"line":133,"column":75},"end":{"line":133,"column":129}},"type":"cond-expr","locations":[{"start":{"line":133,"column":100},"end":{"line":133,"column":113}},{"start":{"line":133,"column":116},"end":{"line":133,"column":129}}]},"17":{"loc":{"start":{"line":143,"column":4},"end":{"line":146,"column":5}},"type":"if","locations":[{"start":{"line":143,"column":4},"end":{"line":146,"column":5}}]},"18":{"loc":{"start":{"line":158,"column":36},"end":{"line":158,"column":50}},"type":"binary-expr","locations":[{"start":{"line":158,"column":36},"end":{"line":158,"column":42}},{"start":{"line":158,"column":46},"end":{"line":158,"column":50}}]},"19":{"loc":{"start":{"line":162,"column":4},"end":{"line":168,"column":5}},"type":"if","locations":[{"start":{"line":162,"column":4},"end":{"line":168,"column":5}}]},"20":{"loc":{"start":{"line":170,"column":4},"end":{"line":174,"column":5}},"type":"if","locations":[{"start":{"line":170,"column":4},"end":{"line":174,"column":5}}]},"21":{"loc":{"start":{"line":171,"column":50},"end":{"line":171,"column":80}},"type":"binary-expr","locations":[{"start":{"line":171,"column":50},"end":{"line":171,"column":72}},{"start":{"line":171,"column":76},"end":{"line":171,"column":80}}]},"22":{"loc":{"start":{"line":181,"column":39},"end":{"line":181,"column":86}},"type":"cond-expr","locations":[{"start":{"line":181,"column":56},"end":{"line":181,"column":60}},{"start":{"line":181,"column":63},"end":{"line":181,"column":86}}]},"23":{"loc":{"start":{"line":182,"column":4},"end":{"line":184,"column":5}},"type":"if","locations":[{"start":{"line":182,"column":4},"end":{"line":184,"column":5}}]},"24":{"loc":{"start":{"line":182,"column":8},"end":{"line":182,"column":40}},"type":"binary-expr","locations":[{"start":{"line":182,"column":8},"end":{"line":182,"column":22}},{"start":{"line":182,"column":26},"end":{"line":182,"column":40}}]},"25":{"loc":{"start":{"line":200,"column":35},"end":{"line":200,"column":53}},"type":"binary-expr","locations":[{"start":{"line":200,"column":35},"end":{"line":200,"column":46}},{"start":{"line":200,"column":50},"end":{"line":200,"column":53}}]},"26":{"loc":{"start":{"line":201,"column":41},"end":{"line":201,"column":88}},"type":"cond-expr","locations":[{"start":{"line":201,"column":58},"end":{"line":201,"column":62}},{"start":{"line":201,"column":65},"end":{"line":201,"column":88}}]},"27":{"loc":{"start":{"line":202,"column":6},"end":{"line":205,"column":7}},"type":"if","locations":[{"start":{"line":202,"column":6},"end":{"line":205,"column":7}}]},"28":{"loc":{"start":{"line":202,"column":10},"end":{"line":202,"column":42}},"type":"binary-expr","locations":[{"start":{"line":202,"column":10},"end":{"line":202,"column":24}},{"start":{"line":202,"column":28},"end":{"line":202,"column":42}}]},"29":{"loc":{"start":{"line":209,"column":36},"end":{"line":209,"column":59}},"type":"binary-expr","locations":[{"start":{"line":209,"column":36},"end":{"line":209,"column":50}},{"start":{"line":209,"column":54},"end":{"line":209,"column":59}}]},"30":{"loc":{"start":{"line":211,"column":33},"end":{"line":211,"column":86}},"type":"cond-expr","locations":[{"start":{"line":211,"column":56},"end":{"line":211,"column":72}},{"start":{"line":211,"column":75},"end":{"line":211,"column":86}}]},"31":{"loc":{"start":{"line":211,"column":75},"end":{"line":211,"column":86}},"type":"binary-expr","locations":[{"start":{"line":211,"column":75},"end":{"line":211,"column":80}},{"start":{"line":211,"column":84},"end":{"line":211,"column":86}}]},"32":{"loc":{"start":{"line":214,"column":8},"end":{"line":214,"column":50}},"type":"if","locations":[{"start":{"line":214,"column":8},"end":{"line":214,"column":50}}]}},"s":{"0":1,"1":1,"2":5,"3":5,"4":5,"5":5,"6":5,"7":3,"8":5,"9":5,"10":7,"11":7,"12":2,"13":5,"14":16,"15":16,"16":16,"17":16,"18":16,"19":16,"20":1,"21":16,"22":11,"23":11,"24":1,"25":10,"26":10,"27":10,"28":2,"29":8,"30":8,"31":8,"32":8,"33":3,"34":5,"35":5,"36":1,"37":7,"38":7,"39":16,"40":4,"41":4,"42":4,"43":1,"44":1,"45":3,"46":3,"47":6,"48":3,"49":1,"50":1,"51":1,"52":3,"53":1,"54":1,"55":1,"56":2,"57":2,"58":2,"59":1,"60":1,"61":1,"62":1,"63":0,"64":16,"65":1,"66":1,"67":1,"68":1,"69":0,"70":0,"71":16,"72":1,"73":1,"74":16,"75":13,"76":2,"77":2,"78":2,"79":1,"80":1,"81":1,"82":1,"83":1,"84":1,"85":1,"86":6,"87":1,"88":1,"89":0,"90":1,"91":1,"92":1,"93":0,"94":1,"95":0,"96":16},"f":{"0":1,"1":5,"2":7,"3":16,"4":1,"5":11,"6":4,"7":6,"8":1,"9":1,"10":0,"11":1,"12":0,"13":1,"14":13,"15":2,"16":1,"17":0,"18":0},"b":{"0":[4,1],"1":[2,3],"2":[2,3],"3":[3],"4":[5,4],"5":[3,2],"6":[2],"7":[5,0],"8":[5,0],"9":[16,0],"10":[16,16],"11":[1],"12":[2],"13":[2,0],"14":[3,5],"15":[3,5],"16":[1,0],"17":[1],"18":[1,0],"19":[1],"20":[1],"21":[1,1],"22":[0,1],"23":[1],"24":[1,1],"25":[2,0],"26":[0,2],"27":[1],"28":[2,2],"29":[1,0],"30":[0,6],"31":[6,0],"32":[0]}}
,"/home/rudolph/src/mise/apps/porter/src/config.ts": {"path":"/home/rudolph/src/mise/apps/porter/src/config.ts","statementMap":{"0":{"start":{"line":41,"column":43},"end":{"line":41,"column":47}},"1":{"start":{"line":50,"column":31},"end":{"line":50,"column":61}},"2":{"start":{"line":51,"column":2},"end":{"line":51,"column":42}},"3":{"start":{"line":64,"column":38},"end":{"line":64,"column":57}},"4":{"start":{"line":65,"column":2},"end":{"line":67,"column":3}},"5":{"start":{"line":66,"column":4},"end":{"line":66,"column":121}},"6":{"start":{"line":68,"column":2},"end":{"line":72,"column":3}},"7":{"start":{"line":69,"column":4},"end":{"line":69,"column":21}},"8":{"start":{"line":71,"column":4},"end":{"line":71,"column":64}},"9":{"start":{"line":73,"column":27},"end":{"line":73,"column":73}},"10":{"start":{"line":74,"column":23},"end":{"line":74,"column":39}},"11":{"start":{"line":75,"column":2},"end":{"line":77,"column":3}},"12":{"start":{"line":76,"column":4},"end":{"line":76,"column":62}},"13":{"start":{"line":78,"column":28},"end":{"line":78,"column":84}},"14":{"start":{"line":79,"column":2},"end":{"line":85,"column":4}}},"fnMap":{"0":{"name":"chellEntry_locate","decl":{"start":{"line":49,"column":16},"end":{"line":49,"column":33}},"loc":{"start":{"line":49,"column":33},"end":{"line":52,"column":1}}},"1":{"name":"porterConfig_resolve","decl":{"start":{"line":63,"column":16},"end":{"line":63,"column":36}},"loc":{"start":{"line":63,"column":98},"end":{"line":86,"column":1}}}},"branchMap":{"0":{"loc":{"start":{"line":63,"column":53},"end":{"line":63,"column":98}},"type":"default-arg","locations":[{"start":{"line":63,"column":81},"end":{"line":63,"column":98}}]},"1":{"loc":{"start":{"line":65,"column":2},"end":{"line":67,"column":3}},"type":"if","locations":[{"start":{"line":65,"column":2},"end":{"line":67,"column":3}}]},"2":{"loc":{"start":{"line":65,"column":6},"end":{"line":65,"column":51}},"type":"binary-expr","locations":[{"start":{"line":65,"column":6},"end":{"line":65,"column":27}},{"start":{"line":65,"column":31},"end":{"line":65,"column":51}}]},"3":{"loc":{"start":{"line":73,"column":27},"end":{"line":73,"column":73}},"type":"binary-expr","locations":[{"start":{"line":73,"column":27},"end":{"line":73,"column":42}},{"start":{"line":73,"column":46},"end":{"line":73,"column":73}}]},"4":{"loc":{"start":{"line":75,"column":2},"end":{"line":77,"column":3}},"type":"if","locations":[{"start":{"line":75,"column":2},"end":{"line":77,"column":3}}]},"5":{"loc":{"start":{"line":75,"column":6},"end":{"line":75,"column":58}},"type":"binary-expr","locations":[{"start":{"line":75,"column":6},"end":{"line":75,"column":29}},{"start":{"line":75,"column":33},"end":{"line":75,"column":42}},{"start":{"line":75,"column":46},"end":{"line":75,"column":58}}]},"6":{"loc":{"start":{"line":78,"column":28},"end":{"line":78,"column":84}},"type":"binary-expr","locations":[{"start":{"line":78,"column":28},"end":{"line":78,"column":46}},{"start":{"line":78,"column":50},"end":{"line":78,"column":84}}]},"7":{"loc":{"start":{"line":80,"column":13},"end":{"line":80,"column":60}},"type":"cond-expr","locations":[{"start":{"line":80,"column":37},"end":{"line":80,"column":44}},{"start":{"line":80,"column":47},"end":{"line":80,"column":60}}]},"8":{"loc":{"start":{"line":81,"column":14},"end":{"line":81,"column":63}},"type":"binary-expr","locations":[{"start":{"line":81,"column":14},"end":{"line":81,"column":34}},{"start":{"line":81,"column":38},"end":{"line":81,"column":63}}]},"9":{"loc":{"start":{"line":82,"column":10},"end":{"line":82,"column":40}},"type":"binary-expr","locations":[{"start":{"line":82,"column":10},"end":{"line":82,"column":25}},{"start":{"line":82,"column":29},"end":{"line":82,"column":40}}]},"10":{"loc":{"start":{"line":84,"column":16},"end":{"line":84,"column":49}},"type":"binary-expr","locations":[{"start":{"line":84,"column":16},"end":{"line":84,"column":32}},{"start":{"line":84,"column":36},"end":{"line":84,"column":49}}]}},"s":{"0":1,"1":1,"2":1,"3":7,"4":7,"5":1,"6":6,"7":6,"8":1,"9":5,"10":5,"11":5,"12":1,"13":4,"14":4},"f":{"0":1,"1":7},"b":{"0":[0],"1":[1],"2":[7,6],"3":[5,3],"4":[1],"5":[5,4,4],"6":[4,2],"7":[3,1],"8":[4,3],"9":[4,3],"10":[4,3]}}
,"/home/rudolph/src/mise/apps/porter/src/registry.ts": {"path":"/home/rudolph/src/mise/apps/porter/src/registry.ts","statementMap":{"0":{"start":{"line":26,"column":54},"end":{"line":26,"column":63}},"1":{"start":{"line":35,"column":4},"end":{"line":35,"column":38}},"2":{"start":{"line":40,"column":32},"end":{"line":40,"column":85}},"3":{"start":{"line":41,"column":4},"end":{"line":41,"column":37}},"4":{"start":{"line":42,"column":4},"end":{"line":42,"column":17}},"5":{"start":{"line":47,"column":4},"end":{"line":47,"column":39}},"6":{"start":{"line":52,"column":4},"end":{"line":52,"column":27}},"7":{"start":{"line":57,"column":4},"end":{"line":57,"column":36}}},"fnMap":{"0":{"name":"(anonymous_0)","decl":{"start":{"line":34,"column":9},"end":{"line":34,"column":15}},"loc":{"start":{"line":34,"column":32},"end":{"line":36,"column":3}}},"1":{"name":"(anonymous_1)","decl":{"start":{"line":39,"column":9},"end":{"line":39,"column":13}},"loc":{"start":{"line":39,"column":58},"end":{"line":43,"column":3}}},"2":{"name":"(anonymous_2)","decl":{"start":{"line":46,"column":9},"end":{"line":46,"column":12}},"loc":{"start":{"line":46,"column":24},"end":{"line":48,"column":3}}},"3":{"name":"(anonymous_3)","decl":{"start":{"line":51,"column":9},"end":{"line":51,"column":15}},"loc":{"start":{"line":51,"column":27},"end":{"line":53,"column":3}}},"4":{"name":"(anonymous_4)","decl":{"start":{"line":56,"column":9},"end":{"line":56,"column":12}},"loc":{"start":{"line":56,"column":12},"end":{"line":58,"column":3}}}},"branchMap":{"0":{"loc":{"start":{"line":47,"column":11},"end":{"line":47,"column":38}},"type":"binary-expr","locations":[{"start":{"line":47,"column":11},"end":{"line":47,"column":30}},{"start":{"line":47,"column":34},"end":{"line":47,"column":38}}]}},"s":{"0":16,"1":7,"2":7,"3":7,"4":7,"5":7,"6":1,"7":3},"f":{"0":7,"1":7,"2":7,"3":1,"4":3},"b":{"0":[7,3]}}
,"/home/rudolph/src/mise/apps/porter/src/cube/auth.ts": {"path":"/home/rudolph/src/mise/apps/porter/src/cube/auth.ts","statementMap":{"0":{"start":{"line":39,"column":2},"end":{"line":47,"column":3}},"1":{"start":{"line":40,"column":4},"end":{"line":44,"column":7}},"2":{"start":{"line":46,"column":4},"end":{"line":46,"column":114}},"3":{"start":{"line":48,"column":2},"end":{"line":50,"column":3}},"4":{"start":{"line":49,"column":4},"end":{"line":49,"column":151}},"5":{"start":{"line":51,"column":24},"end":{"line":51,"column":45}},"6":{"start":{"line":52,"column":25},"end":{"line":52,"column":116}},"7":{"start":{"line":53,"column":2},"end":{"line":55,"column":3}},"8":{"start":{"line":54,"column":4},"end":{"line":54,"column":68}},"9":{"start":{"line":56,"column":2},"end":{"line":56,"column":19}}},"fnMap":{"0":{"name":"cubeToken_mint","decl":{"start":{"line":32,"column":22},"end":{"line":32,"column":36}},"loc":{"start":{"line":36,"column":54},"end":{"line":57,"column":1}}}},"branchMap":{"0":{"loc":{"start":{"line":36,"column":2},"end":{"line":36,"column":54}},"type":"default-arg","locations":[{"start":{"line":36,"column":25},"end":{"line":36,"column":54}}]},"1":{"loc":{"start":{"line":46,"column":55},"end":{"line":46,"column":109}},"type":"cond-expr","locations":[{"start":{"line":46,"column":80},"end":{"line":46,"column":93}},{"start":{"line":46,"column":96},"end":{"line":46,"column":109}}]},"2":{"loc":{"start":{"line":48,"column":2},"end":{"line":50,"column":3}},"type":"if","locations":[{"start":{"line":48,"column":2},"end":{"line":50,"column":3}}]},"3":{"loc":{"start":{"line":49,"column":34},"end":{"line":49,"column":148}},"type":"cond-expr","locations":[{"start":{"line":49,"column":87},"end":{"line":49,"column":111}},{"start":{"line":49,"column":114},"end":{"line":49,"column":148}}]},"4":{"loc":{"start":{"line":49,"column":34},"end":{"line":49,"column":84}},"type":"binary-expr","locations":[{"start":{"line":49,"column":34},"end":{"line":49,"column":57}},{"start":{"line":49,"column":61},"end":{"line":49,"column":84}}]},"5":{"loc":{"start":{"line":52,"column":25},"end":{"line":52,"column":116}},"type":"cond-expr","locations":[{"start":{"line":52,"column":70},"end":{"line":52,"column":104}},{"start":{"line":52,"column":107},"end":{"line":52,"column":116}}]},"6":{"loc":{"start":{"line":52,"column":25},"end":{"line":52,"column":66}},"type":"binary-expr","locations":[{"start":{"line":52,"column":25},"end":{"line":52,"column":49}},{"start":{"line":52,"column":53},"end":{"line":52,"column":66}}]},"7":{"loc":{"start":{"line":53,"column":2},"end":{"line":55,"column":3}},"type":"if","locations":[{"start":{"line":53,"column":2},"end":{"line":55,"column":3}}]},"8":{"loc":{"start":{"line":53,"column":6},"end":{"line":53,"column":53}},"type":"binary-expr","locations":[{"start":{"line":53,"column":6},"end":{"line":53,"column":31}},{"start":{"line":53,"column":35},"end":{"line":53,"column":53}}]}},"s":{"0":6,"1":6,"2":1,"3":5,"4":3,"5":2,"6":2,"7":2,"8":1,"9":1},"f":{"0":6},"b":{"0":[0],"1":[1,0],"2":[3],"3":[2,1],"4":[3,2],"5":[2,0],"6":[2,2],"7":[1],"8":[2,1]}}
,"/home/rudolph/src/mise/apps/porter/src/host/processHost.ts": {"path":"/home/rudolph/src/mise/apps/porter/src/host/processHost.ts","statementMap":{"0":{"start":{"line":78,"column":33},"end":{"line":81,"column":1}},"1":{"start":{"line":79,"column":30},"end":{"line":79,"column":99}},"2":{"start":{"line":80,"column":2},"end":{"line":80,"column":44}},"3":{"start":{"line":90,"column":2},"end":{"line":90,"column":30}},"4":{"start":{"line":90,"column":23},"end":{"line":90,"column":30}},"5":{"start":{"line":91,"column":25},"end":{"line":91,"column":27}},"6":{"start":{"line":92,"column":2},"end":{"line":100,"column":5}},"7":{"start":{"line":93,"column":4},"end":{"line":93,"column":33}},"8":{"start":{"line":94,"column":22},"end":{"line":94,"column":44}},"9":{"start":{"line":95,"column":4},"end":{"line":99,"column":5}},"10":{"start":{"line":96,"column":6},"end":{"line":96,"column":56}},"11":{"start":{"line":97,"column":6},"end":{"line":97,"column":41}},"12":{"start":{"line":98,"column":6},"end":{"line":98,"column":35}},"13":{"start":{"line":101,"column":2},"end":{"line":104,"column":5}},"14":{"start":{"line":102,"column":4},"end":{"line":102,"column":46}},"15":{"start":{"line":102,"column":29},"end":{"line":102,"column":46}},"16":{"start":{"line":103,"column":4},"end":{"line":103,"column":18}},"17":{"start":{"line":115,"column":58},"end":{"line":115,"column":67}},"18":{"start":{"line":118,"column":4},"end":{"line":118,"column":37}},"19":{"start":{"line":119,"column":4},"end":{"line":119,"column":41}},"20":{"start":{"line":120,"column":4},"end":{"line":120,"column":47}},"21":{"start":{"line":121,"column":4},"end":{"line":121,"column":93}},"22":{"start":{"line":121,"column":70},"end":{"line":121,"column":91}},"23":{"start":{"line":122,"column":4},"end":{"line":122,"column":58}},"24":{"start":{"line":123,"column":4},"end":{"line":123,"column":40}},"25":{"start":{"line":133,"column":25},"end":{"line":133,"column":72}},"26":{"start":{"line":134,"column":4},"end":{"line":139,"column":6}},"27":{"start":{"line":144,"column":25},"end":{"line":144,"column":79}},"28":{"start":{"line":145,"column":4},"end":{"line":145,"column":39}},"29":{"start":{"line":145,"column":27},"end":{"line":145,"column":39}},"30":{"start":{"line":146,"column":4},"end":{"line":153,"column":5}},"31":{"start":{"line":147,"column":37},"end":{"line":147,"column":94}},"32":{"start":{"line":148,"column":6},"end":{"line":150,"column":7}},"33":{"start":{"line":149,"column":8},"end":{"line":149,"column":83}},"34":{"start":{"line":154,"column":4},"end":{"line":154,"column":16}},"35":{"start":{"line":159,"column":32},"end":{"line":159,"column":57}},"36":{"start":{"line":160,"column":4},"end":{"line":160,"column":36}},"37":{"start":{"line":160,"column":24},"end":{"line":160,"column":36}},"38":{"start":{"line":161,"column":4},"end":{"line":161,"column":56}},"39":{"start":{"line":166,"column":48},"end":{"line":166,"column":75}},"40":{"start":{"line":167,"column":4},"end":{"line":167,"column":53}},"41":{"start":{"line":167,"column":28},"end":{"line":167,"column":53}},"42":{"start":{"line":168,"column":34},"end":{"line":175,"column":6}},"43":{"start":{"line":176,"column":4},"end":{"line":176,"column":40}},"44":{"start":{"line":177,"column":4},"end":{"line":177,"column":115}},"45":{"start":{"line":177,"column":88},"end":{"line":177,"column":111}},"46":{"start":{"line":178,"column":4},"end":{"line":178,"column":27}},"47":{"start":{"line":183,"column":30},"end":{"line":183,"column":59}},"48":{"start":{"line":184,"column":4},"end":{"line":184,"column":92}},"49":{"start":{"line":184,"column":43},"end":{"line":184,"column":92}},"50":{"start":{"line":185,"column":35},"end":{"line":194,"column":6}},"51":{"start":{"line":195,"column":34},"end":{"line":195,"column":181}},"52":{"start":{"line":196,"column":4},"end":{"line":196,"column":25}},"53":{"start":{"line":197,"column":22},"end":{"line":201,"column":5}},"54":{"start":{"line":198,"column":29},"end":{"line":198,"column":46}},"55":{"start":{"line":199,"column":6},"end":{"line":199,"column":30}},"56":{"start":{"line":200,"column":6},"end":{"line":200,"column":67}},"57":{"start":{"line":200,"column":47},"end":{"line":200,"column":67}},"58":{"start":{"line":202,"column":4},"end":{"line":202,"column":79}},"59":{"start":{"line":202,"column":55},"end":{"line":202,"column":77}},"60":{"start":{"line":203,"column":4},"end":{"line":203,"column":79}},"61":{"start":{"line":203,"column":55},"end":{"line":203,"column":77}},"62":{"start":{"line":204,"column":4},"end":{"line":204,"column":35}},"63":{"start":{"line":205,"column":32},"end":{"line":205,"column":36}},"64":{"start":{"line":206,"column":4},"end":{"line":206,"column":79}},"65":{"start":{"line":206,"column":56},"end":{"line":206,"column":75}},"66":{"start":{"line":208,"column":29},"end":{"line":208,"column":60}},"67":{"start":{"line":209,"column":4},"end":{"line":219,"column":5}},"68":{"start":{"line":210,"column":6},"end":{"line":212,"column":7}},"69":{"start":{"line":211,"column":8},"end":{"line":211,"column":98}},"70":{"start":{"line":213,"column":34},"end":{"line":213,"column":66}},"71":{"start":{"line":214,"column":6},"end":{"line":217,"column":7}},"72":{"start":{"line":215,"column":8},"end":{"line":215,"column":39}},"73":{"start":{"line":216,"column":8},"end":{"line":216,"column":21}},"74":{"start":{"line":218,"column":6},"end":{"line":218,"column":100}},"75":{"start":{"line":218,"column":63},"end":{"line":218,"column":96}},"76":{"start":{"line":220,"column":4},"end":{"line":220,"column":26}},"77":{"start":{"line":221,"column":4},"end":{"line":221,"column":123}},"78":{"start":{"line":228,"column":4},"end":{"line":228,"column":25}},"79":{"start":{"line":229,"column":4},"end":{"line":229,"column":27}},"80":{"start":{"line":230,"column":4},"end":{"line":230,"column":74}},"81":{"start":{"line":230,"column":45},"end":{"line":230,"column":74}},"82":{"start":{"line":231,"column":4},"end":{"line":231,"column":29}},"83":{"start":{"line":232,"column":4},"end":{"line":232,"column":52}},"84":{"start":{"line":232,"column":28},"end":{"line":232,"column":52}},"85":{"start":{"line":237,"column":46},"end":{"line":237,"column":73}},"86":{"start":{"line":238,"column":4},"end":{"line":238,"column":42}},"87":{"start":{"line":238,"column":30},"end":{"line":238,"column":42}},"88":{"start":{"line":239,"column":31},"end":{"line":239,"column":147}},"89":{"start":{"line":240,"column":4},"end":{"line":240,"column":67}},"90":{"start":{"line":240,"column":36},"end":{"line":240,"column":67}},"91":{"start":{"line":241,"column":4},"end":{"line":241,"column":83}},"92":{"start":{"line":241,"column":44},"end":{"line":241,"column":78}},"93":{"start":{"line":246,"column":46},"end":{"line":246,"column":73}},"94":{"start":{"line":247,"column":4},"end":{"line":251,"column":5}},"95":{"start":{"line":248,"column":6},"end":{"line":248,"column":35}},"96":{"start":{"line":249,"column":6},"end":{"line":249,"column":37}},"97":{"start":{"line":250,"column":6},"end":{"line":250,"column":18}},"98":{"start":{"line":254,"column":4},"end":{"line":254,"column":35}},"99":{"start":{"line":255,"column":4},"end":{"line":255,"column":17}}},"fnMap":{"0":{"name":"(anonymous_0)","decl":{"start":{"line":78,"column":33},"end":{"line":78,"column":34}},"loc":{"start":{"line":78,"column":155},"end":{"line":81,"column":1}}},"1":{"name":"stream_lines","decl":{"start":{"line":89,"column":9},"end":{"line":89,"column":21}},"loc":{"start":{"line":89,"column":90},"end":{"line":105,"column":1}}},"2":{"name":"(anonymous_2)","decl":{"start":{"line":92,"column":20},"end":{"line":92,"column":21}},"loc":{"start":{"line":92,"column":53},"end":{"line":100,"column":3}}},"3":{"name":"(anonymous_3)","decl":{"start":{"line":101,"column":19},"end":{"line":101,"column":28}},"loc":{"start":{"line":101,"column":30},"end":{"line":104,"column":3}}},"4":{"name":"(anonymous_4)","decl":{"start":{"line":117,"column":2},"end":{"line":117,"column":14}},"loc":{"start":{"line":117,"column":41},"end":{"line":124,"column":3}}},"5":{"name":"(anonymous_5)","decl":{"start":{"line":121,"column":35},"end":{"line":121,"column":36}},"loc":{"start":{"line":121,"column":70},"end":{"line":121,"column":91}}},"6":{"name":"(anonymous_6)","decl":{"start":{"line":132,"column":9},"end":{"line":132,"column":16}},"loc":{"start":{"line":132,"column":33},"end":{"line":140,"column":3}}},"7":{"name":"(anonymous_7)","decl":{"start":{"line":143,"column":10},"end":{"line":143,"column":20}},"loc":{"start":{"line":143,"column":37},"end":{"line":155,"column":3}}},"8":{"name":"(anonymous_8)","decl":{"start":{"line":158,"column":9},"end":{"line":158,"column":14}},"loc":{"start":{"line":158,"column":36},"end":{"line":162,"column":3}}},"9":{"name":"(anonymous_9)","decl":{"start":{"line":165,"column":9},"end":{"line":165,"column":14}},"loc":{"start":{"line":165,"column":83},"end":{"line":179,"column":3}}},"10":{"name":"(anonymous_10)","decl":{"start":{"line":177,"column":74},"end":{"line":177,"column":83}},"loc":{"start":{"line":177,"column":85},"end":{"line":177,"column":113}}},"11":{"name":"(anonymous_11)","decl":{"start":{"line":182,"column":10},"end":{"line":182,"column":15}},"loc":{"start":{"line":182,"column":92},"end":{"line":222,"column":3}}},"12":{"name":"(anonymous_12)","decl":{"start":{"line":197,"column":22},"end":{"line":197,"column":23}},"loc":{"start":{"line":197,"column":69},"end":{"line":201,"column":5}}},"13":{"name":"(anonymous_13)","decl":{"start":{"line":202,"column":31},"end":{"line":202,"column":32}},"loc":{"start":{"line":202,"column":55},"end":{"line":202,"column":77}}},"14":{"name":"(anonymous_14)","decl":{"start":{"line":203,"column":31},"end":{"line":203,"column":32}},"loc":{"start":{"line":203,"column":55},"end":{"line":203,"column":77}}},"15":{"name":"(anonymous_15)","decl":{"start":{"line":206,"column":23},"end":{"line":206,"column":24}},"loc":{"start":{"line":206,"column":53},"end":{"line":206,"column":77}}},"16":{"name":"(anonymous_16)","decl":{"start":{"line":218,"column":30},"end":{"line":218,"column":31}},"loc":{"start":{"line":218,"column":60},"end":{"line":218,"column":98}}},"17":{"name":"(anonymous_17)","decl":{"start":{"line":227,"column":10},"end":{"line":227,"column":18}},"loc":{"start":{"line":227,"column":84},"end":{"line":233,"column":3}}},"18":{"name":"(anonymous_18)","decl":{"start":{"line":236,"column":9},"end":{"line":236,"column":20}},"loc":{"start":{"line":236,"column":61},"end":{"line":242,"column":3}}},"19":{"name":"(anonymous_19)","decl":{"start":{"line":241,"column":30},"end":{"line":241,"column":39}},"loc":{"start":{"line":241,"column":41},"end":{"line":241,"column":80}}},"20":{"name":"(anonymous_20)","decl":{"start":{"line":245,"column":9},"end":{"line":245,"column":14}},"loc":{"start":{"line":245,"column":37},"end":{"line":256,"column":3}}}},"branchMap":{"0":{"loc":{"start":{"line":90,"column":2},"end":{"line":90,"column":30}},"type":"if","locations":[{"start":{"line":90,"column":2},"end":{"line":90,"column":30}}]},"1":{"loc":{"start":{"line":102,"column":4},"end":{"line":102,"column":46}},"type":"if","locations":[{"start":{"line":102,"column":4},"end":{"line":102,"column":46}}]},"2":{"loc":{"start":{"line":120,"column":19},"end":{"line":120,"column":46}},"type":"binary-expr","locations":[{"start":{"line":120,"column":19},"end":{"line":120,"column":32}},{"start":{"line":120,"column":36},"end":{"line":120,"column":46}}]},"3":{"loc":{"start":{"line":121,"column":17},"end":{"line":121,"column":92}},"type":"binary-expr","locations":[{"start":{"line":121,"column":17},"end":{"line":121,"column":30}},{"start":{"line":121,"column":35},"end":{"line":121,"column":91}}]},"4":{"loc":{"start":{"line":122,"column":25},"end":{"line":122,"column":57}},"type":"binary-expr","locations":[{"start":{"line":122,"column":25},"end":{"line":122,"column":46}},{"start":{"line":122,"column":50},"end":{"line":122,"column":57}}]},"5":{"loc":{"start":{"line":123,"column":18},"end":{"line":123,"column":39}},"type":"binary-expr","locations":[{"start":{"line":123,"column":18},"end":{"line":123,"column":32}},{"start":{"line":123,"column":36},"end":{"line":123,"column":39}}]},"6":{"loc":{"start":{"line":145,"column":4},"end":{"line":145,"column":39}},"type":"if","locations":[{"start":{"line":145,"column":4},"end":{"line":145,"column":39}}]},"7":{"loc":{"start":{"line":148,"column":6},"end":{"line":150,"column":7}},"type":"if","locations":[{"start":{"line":148,"column":6},"end":{"line":150,"column":7}}]},"8":{"loc":{"start":{"line":148,"column":10},"end":{"line":148,"column":115}},"type":"binary-expr","locations":[{"start":{"line":148,"column":10},"end":{"line":148,"column":40}},{"start":{"line":148,"column":44},"end":{"line":148,"column":76}},{"start":{"line":148,"column":80},"end":{"line":148,"column":115}}]},"9":{"loc":{"start":{"line":160,"column":4},"end":{"line":160,"column":36}},"type":"if","locations":[{"start":{"line":160,"column":4},"end":{"line":160,"column":36}}]},"10":{"loc":{"start":{"line":161,"column":11},"end":{"line":161,"column":55}},"type":"cond-expr","locations":[{"start":{"line":161,"column":43},"end":{"line":161,"column":48}},{"start":{"line":161,"column":51},"end":{"line":161,"column":55}}]},"11":{"loc":{"start":{"line":167,"column":4},"end":{"line":167,"column":53}},"type":"if","locations":[{"start":{"line":167,"column":4},"end":{"line":167,"column":53}}]},"12":{"loc":{"start":{"line":206,"column":65},"end":{"line":206,"column":74}},"type":"binary-expr","locations":[{"start":{"line":206,"column":65},"end":{"line":206,"column":69}},{"start":{"line":206,"column":73},"end":{"line":206,"column":74}}]},"13":{"loc":{"start":{"line":210,"column":6},"end":{"line":212,"column":7}},"type":"if","locations":[{"start":{"line":210,"column":6},"end":{"line":212,"column":7}}]},"14":{"loc":{"start":{"line":214,"column":6},"end":{"line":217,"column":7}},"type":"if","locations":[{"start":{"line":214,"column":6},"end":{"line":217,"column":7}}]},"15":{"loc":{"start":{"line":214,"column":10},"end":{"line":214,"column":57}},"type":"binary-expr","locations":[{"start":{"line":214,"column":10},"end":{"line":214,"column":24}},{"start":{"line":214,"column":29},"end":{"line":214,"column":56}}]},"16":{"loc":{"start":{"line":232,"column":4},"end":{"line":232,"column":52}},"type":"if","locations":[{"start":{"line":232,"column":4},"end":{"line":232,"column":52}}]},"17":{"loc":{"start":{"line":238,"column":4},"end":{"line":238,"column":42}},"type":"if","locations":[{"start":{"line":238,"column":4},"end":{"line":238,"column":42}}]},"18":{"loc":{"start":{"line":239,"column":84},"end":{"line":239,"column":144}},"type":"cond-expr","locations":[{"start":{"line":239,"column":114},"end":{"line":239,"column":139}},{"start":{"line":239,"column":142},"end":{"line":239,"column":144}}]},"19":{"loc":{"start":{"line":240,"column":4},"end":{"line":240,"column":67}},"type":"if","locations":[{"start":{"line":240,"column":4},"end":{"line":240,"column":67}}]},"20":{"loc":{"start":{"line":247,"column":4},"end":{"line":251,"column":5}},"type":"if","locations":[{"start":{"line":247,"column":4},"end":{"line":251,"column":5}}]},"21":{"loc":{"start":{"line":247,"column":8},"end":{"line":247,"column":55}},"type":"binary-expr","locations":[{"start":{"line":247,"column":8},"end":{"line":247,"column":21}},{"start":{"line":247,"column":25},"end":{"line":247,"column":55}}]}},"s":{"0":1,"1":0,"2":0,"3":12,"4":0,"5":12,"6":12,"7":3,"8":3,"9":3,"10":3,"11":3,"12":3,"13":12,"14":0,"15":0,"16":0,"17":7,"18":7,"19":7,"20":7,"21":7,"22":0,"23":7,"24":7,"25":31,"26":31,"27":19,"28":19,"29":13,"30":6,"31":6,"32":6,"33":6,"34":0,"35":3,"36":3,"37":1,"38":2,"39":7,"40":7,"41":1,"42":6,"43":6,"44":6,"45":6,"46":6,"47":6,"48":6,"49":24,"50":6,"51":6,"52":6,"53":6,"54":3,"55":3,"56":3,"57":1,"58":6,"59":2,"60":6,"61":1,"62":6,"63":6,"64":6,"65":3,"66":6,"67":6,"68":17,"69":1,"70":16,"71":16,"72":4,"73":4,"74":12,"75":12,"76":1,"77":1,"78":6,"79":6,"80":6,"81":1,"82":6,"83":6,"84":2,"85":3,"86":3,"87":0,"88":3,"89":3,"90":1,"91":3,"92":0,"93":2,"94":2,"95":1,"96":1,"97":1,"98":1,"99":1},"f":{"0":0,"1":12,"2":3,"3":0,"4":7,"5":0,"6":31,"7":19,"8":3,"9":7,"10":6,"11":6,"12":3,"13":2,"14":1,"15":3,"16":12,"17":6,"18":3,"19":0,"20":2},"b":{"0":[0],"1":[0],"2":[7,0],"3":[7,0],"4":[7,0],"5":[7,0],"6":[13],"7":[6],"8":[6,6,6],"9":[1],"10":[1,1],"11":[1],"12":[3,0],"13":[1],"14":[4],"15":[16,4],"16":[2],"17":[0],"18":[1,2],"19":[1],"20":[1],"21":[2,1]}}
}
