{"/home/rudolph/src/mise/apps/porter/src/app.ts": {"path":"/home/rudolph/src/mise/apps/porter/src/app.ts","statementMap":{"0":{"start":{"line":57,"column":20},"end":{"line":60,"column":2}},"1":{"start":{"line":69,"column":2},"end":{"line":69,"column":42}},"2":{"start":{"line":81,"column":23},"end":{"line":81,"column":63}},"3":{"start":{"line":82,"column":22},"end":{"line":82,"column":39}},"4":{"start":{"line":83,"column":27},"end":{"line":83,"column":65}},"5":{"start":{"line":84,"column":33},"end":{"line":84,"column":91}},"6":{"start":{"line":85,"column":2},"end":{"line":88,"column":3}},"7":{"start":{"line":87,"column":4},"end":{"line":87,"column":30}},"8":{"start":{"line":89,"column":23},"end":{"line":89,"column":39}},"9":{"start":{"line":90,"column":2},"end":{"line":90,"column":60}},"10":{"start":{"line":101,"column":41},"end":{"line":101,"column":108}},"11":{"start":{"line":102,"column":2},"end":{"line":102,"column":34}},"12":{"start":{"line":102,"column":22},"end":{"line":102,"column":34}},"13":{"start":{"line":103,"column":2},"end":{"line":103,"column":56}},"14":{"start":{"line":114,"column":2},"end":{"line":114,"column":46}},"15":{"start":{"line":114,"column":34},"end":{"line":114,"column":46}},"16":{"start":{"line":118,"column":2},"end":{"line":128,"column":3}},"17":{"start":{"line":119,"column":24},"end":{"line":119,"column":41}},"18":{"start":{"line":120,"column":4},"end":{"line":120,"column":29}},"19":{"start":{"line":120,"column":20},"end":{"line":120,"column":29}},"20":{"start":{"line":121,"column":4},"end":{"line":121,"column":60}},"21":{"start":{"line":121,"column":51},"end":{"line":121,"column":60}},"22":{"start":{"line":122,"column":4},"end":{"line":126,"column":5}},"23":{"start":{"line":123,"column":6},"end":{"line":123,"column":59}},"24":{"start":{"line":125,"column":6},"end":{"line":125,"column":18}},"25":{"start":{"line":127,"column":4},"end":{"line":127,"column":10}},"26":{"start":{"line":129,"column":2},"end":{"line":129,"column":37}},"27":{"start":{"line":129,"column":25},"end":{"line":129,"column":37}},"28":{"start":{"line":130,"column":18},"end":{"line":130,"column":44}},"29":{"start":{"line":131,"column":2},"end":{"line":131,"column":112}},"30":{"start":{"line":136,"column":30},"end":{"line":136,"column":75}},"31":{"start":{"line":137,"column":25},"end":{"line":137,"column":61}},"32":{"start":{"line":138,"column":2},"end":{"line":138,"column":124}},"33":{"start":{"line":148,"column":27},"end":{"line":148,"column":34}},"34":{"start":{"line":149,"column":15},"end":{"line":149,"column":45}},"35":{"start":{"line":150,"column":36},"end":{"line":150,"column":57}},"36":{"start":{"line":151,"column":31},"end":{"line":151,"column":93}},"37":{"start":{"line":152,"column":2},"end":{"line":152,"column":63}},"38":{"start":{"line":153,"column":2},"end":{"line":153,"column":38}},"39":{"start":{"line":154,"column":2},"end":{"line":154,"column":32}},"40":{"start":{"line":157,"column":24},"end":{"line":157,"column":121}},"41":{"start":{"line":157,"column":68},"end":{"line":157,"column":121}},"42":{"start":{"line":159,"column":2},"end":{"line":159,"column":160}},"43":{"start":{"line":159,"column":90},"end":{"line":159,"column":157}},"44":{"start":{"line":161,"column":2},"end":{"line":165,"column":5}},"45":{"start":{"line":162,"column":31},"end":{"line":162,"column":53}},"46":{"start":{"line":163,"column":39},"end":{"line":163,"column":78}},"47":{"start":{"line":164,"column":4},"end":{"line":164,"column":83}},"48":{"start":{"line":167,"column":2},"end":{"line":171,"column":5}},"49":{"start":{"line":168,"column":29},"end":{"line":168,"column":74}},"50":{"start":{"line":169,"column":4},"end":{"line":169,"column":48}},"51":{"start":{"line":170,"column":4},"end":{"line":170,"column":109}},"52":{"start":{"line":173,"column":2},"end":{"line":205,"column":5}},"53":{"start":{"line":174,"column":31},"end":{"line":174,"column":57}},"54":{"start":{"line":175,"column":19},"end":{"line":176,"column":129}},"55":{"start":{"line":176,"column":6},"end":{"line":176,"column":129}},"56":{"start":{"line":177,"column":19},"end":{"line":177,"column":54}},"57":{"start":{"line":178,"column":4},"end":{"line":180,"column":5}},"58":{"start":{"line":179,"column":6},"end":{"line":179,"column":67}},"59":{"start":{"line":181,"column":35},"end":{"line":181,"column":46}},"60":{"start":{"line":182,"column":30},"end":{"line":182,"column":76}},"61":{"start":{"line":183,"column":4},"end":{"line":185,"column":5}},"62":{"start":{"line":184,"column":6},"end":{"line":184,"column":53}},"63":{"start":{"line":186,"column":29},"end":{"line":186,"column":73}},"64":{"start":{"line":187,"column":32},"end":{"line":187,"column":57}},"65":{"start":{"line":188,"column":42},"end":{"line":188,"column":81}},"66":{"start":{"line":190,"column":4},"end":{"line":198,"column":5}},"67":{"start":{"line":191,"column":6},"end":{"line":191,"column":20}},"68":{"start":{"line":193,"column":6},"end":{"line":197,"column":7}},"69":{"start":{"line":194,"column":8},"end":{"line":194,"column":83}},"70":{"start":{"line":196,"column":8},"end":{"line":196,"column":115}},"71":{"start":{"line":199,"column":32},"end":{"line":199,"column":72}},"72":{"start":{"line":200,"column":4},"end":{"line":200,"column":119}},"73":{"start":{"line":201,"column":4},"end":{"line":203,"column":5}},"74":{"start":{"line":202,"column":6},"end":{"line":202,"column":66}},"75":{"start":{"line":204,"column":4},"end":{"line":204,"column":56}},"76":{"start":{"line":207,"column":2},"end":{"line":210,"column":5}},"77":{"start":{"line":208,"column":4},"end":{"line":208,"column":55}},"78":{"start":{"line":209,"column":4},"end":{"line":209,"column":85}},"79":{"start":{"line":212,"column":2},"end":{"line":252,"column":5}},"80":{"start":{"line":213,"column":25},"end":{"line":213,"column":63}},"81":{"start":{"line":214,"column":4},"end":{"line":217,"column":5}},"82":{"start":{"line":215,"column":6},"end":{"line":215,"column":91}},"83":{"start":{"line":216,"column":6},"end":{"line":216,"column":13}},"84":{"start":{"line":218,"column":39},"end":{"line":218,"column":56}},"85":{"start":{"line":219,"column":4},"end":{"line":222,"column":5}},"86":{"start":{"line":220,"column":6},"end":{"line":220,"column":74}},"87":{"start":{"line":221,"column":6},"end":{"line":221,"column":13}},"88":{"start":{"line":223,"column":4},"end":{"line":227,"column":7}},"89":{"start":{"line":228,"column":23},"end":{"line":230,"column":5}},"90":{"start":{"line":229,"column":6},"end":{"line":229,"column":75}},"91":{"start":{"line":231,"column":21},"end":{"line":237,"column":6}},"92":{"start":{"line":232,"column":38},"end":{"line":232,"column":62}},"93":{"start":{"line":234,"column":8},"end":{"line":234,"column":54}},"94":{"start":{"line":235,"column":8},"end":{"line":235,"column":24}},"95":{"start":{"line":238,"column":4},"end":{"line":244,"column":5}},"96":{"start":{"line":241,"column":6},"end":{"line":241,"column":44}},"97":{"start":{"line":242,"column":6},"end":{"line":242,"column":22}},"98":{"start":{"line":243,"column":6},"end":{"line":243,"column":13}},"99":{"start":{"line":245,"column":4},"end":{"line":245,"column":71}},"100":{"start":{"line":245,"column":46},"end":{"line":245,"column":71}},"101":{"start":{"line":246,"column":4},"end":{"line":250,"column":5}},"102":{"start":{"line":247,"column":6},"end":{"line":247,"column":84}},"103":{"start":{"line":248,"column":6},"end":{"line":248,"column":22}},"104":{"start":{"line":249,"column":6},"end":{"line":249,"column":13}},"105":{"start":{"line":251,"column":4},"end":{"line":251,"column":62}},"106":{"start":{"line":251,"column":42},"end":{"line":251,"column":60}},"107":{"start":{"line":255,"column":2},"end":{"line":267,"column":5}},"108":{"start":{"line":256,"column":18},"end":{"line":256,"column":45}},"109":{"start":{"line":257,"column":4},"end":{"line":259,"column":5}},"110":{"start":{"line":258,"column":6},"end":{"line":258,"column":43}},"111":{"start":{"line":260,"column":39},"end":{"line":260,"column":62}},"112":{"start":{"line":261,"column":4},"end":{"line":263,"column":5}},"113":{"start":{"line":262,"column":6},"end":{"line":262,"column":75}},"114":{"start":{"line":264,"column":4},"end":{"line":266,"column":7}},"115":{"start":{"line":265,"column":33},"end":{"line":265,"column":58}},"116":{"start":{"line":268,"column":2},"end":{"line":273,"column":5}},"117":{"start":{"line":271,"column":25},"end":{"line":271,"column":63}},"118":{"start":{"line":272,"column":4},"end":{"line":272,"column":44}},"119":{"start":{"line":277,"column":2},"end":{"line":300,"column":5}},"120":{"start":{"line":278,"column":4},"end":{"line":299,"column":7}},"121":{"start":{"line":279,"column":20},"end":{"line":279,"column":54}},"122":{"start":{"line":280,"column":41},"end":{"line":280,"column":88}},"123":{"start":{"line":281,"column":6},"end":{"line":284,"column":7}},"124":{"start":{"line":282,"column":8},"end":{"line":282,"column":25}},"125":{"start":{"line":283,"column":8},"end":{"line":283,"column":15}},"126":{"start":{"line":285,"column":26},"end":{"line":285,"column":50}},"127":{"start":{"line":286,"column":31},"end":{"line":296,"column":8}},"128":{"start":{"line":287,"column":29},"end":{"line":287,"column":78}},"129":{"start":{"line":288,"column":32},"end":{"line":288,"column":79}},"130":{"start":{"line":289,"column":8},"end":{"line":291,"column":9}},"131":{"start":{"line":290,"column":10},"end":{"line":290,"column":90}},"132":{"start":{"line":292,"column":8},"end":{"line":292,"column":56}},"133":{"start":{"line":293,"column":8},"end":{"line":293,"column":50}},"134":{"start":{"line":293,"column":29},"end":{"line":293,"column":50}},"135":{"start":{"line":294,"column":8},"end":{"line":294,"column":30}},"136":{"start":{"line":295,"column":8},"end":{"line":295,"column":30}},"137":{"start":{"line":297,"column":6},"end":{"line":297,"column":62}},"138":{"start":{"line":297,"column":41},"end":{"line":297,"column":58}},"139":{"start":{"line":298,"column":6},"end":{"line":298,"column":62}},"140":{"start":{"line":298,"column":39},"end":{"line":298,"column":58}},"141":{"start":{"line":302,"column":2},"end":{"line":302,"column":27}}},"fnMap":{"0":{"name":"berthHttp_of","decl":{"start":{"line":68,"column":16},"end":{"line":68,"column":28}},"loc":{"start":{"line":68,"column":41},"end":{"line":70,"column":1}}},"1":{"name":"upstreamPath_build","decl":{"start":{"line":80,"column":16},"end":{"line":80,"column":34}},"loc":{"start":{"line":80,"column":62},"end":{"line":91,"column":1}}},"2":{"name":"mountUrl_split","decl":{"start":{"line":100,"column":16},"end":{"line":100,"column":30}},"loc":{"start":{"line":100,"column":42},"end":{"line":104,"column":1}}},"3":{"name":"cookieKey_read","decl":{"start":{"line":113,"column":16},"end":{"line":113,"column":30}},"loc":{"start":{"line":113,"column":79},"end":{"line":132,"column":1}}},"4":{"name":"request_wantsJson","decl":{"start":{"line":135,"column":9},"end":{"line":135,"column":26}},"loc":{"start":{"line":135,"column":50},"end":{"line":139,"column":1}}},"5":{"name":"porterApp_build","decl":{"start":{"line":147,"column":22},"end":{"line":147,"column":37}},"loc":{"start":{"line":147,"column":63},"end":{"line":303,"column":1}}},"6":{"name":"(anonymous_6)","decl":{"start":{"line":157,"column":24},"end":{"line":157,"column":25}},"loc":{"start":{"line":157,"column":68},"end":{"line":157,"column":121}}},"7":{"name":"(anonymous_7)","decl":{"start":{"line":159,"column":22},"end":{"line":159,"column":27}},"loc":{"start":{"line":159,"column":90},"end":{"line":159,"column":157}}},"8":{"name":"(anonymous_8)","decl":{"start":{"line":161,"column":15},"end":{"line":161,"column":20}},"loc":{"start":{"line":161,"column":85},"end":{"line":165,"column":3}}},"9":{"name":"(anonymous_9)","decl":{"start":{"line":167,"column":20},"end":{"line":167,"column":25}},"loc":{"start":{"line":167,"column":92},"end":{"line":171,"column":3}}},"10":{"name":"(anonymous_10)","decl":{"start":{"line":173,"column":21},"end":{"line":173,"column":26}},"loc":{"start":{"line":173,"column":94},"end":{"line":205,"column":3}}},"11":{"name":"(anonymous_11)","decl":{"start":{"line":175,"column":19},"end":{"line":175,"column":24}},"loc":{"start":{"line":176,"column":6},"end":{"line":176,"column":129}}},"12":{"name":"(anonymous_12)","decl":{"start":{"line":207,"column":22},"end":{"line":207,"column":27}},"loc":{"start":{"line":207,"column":95},"end":{"line":210,"column":3}}},"13":{"name":"(anonymous_13)","decl":{"start":{"line":212,"column":24},"end":{"line":212,"column":29}},"loc":{"start":{"line":212,"column":94},"end":{"line":252,"column":3}}},"14":{"name":"(anonymous_14)","decl":{"start":{"line":228,"column":23},"end":{"line":228,"column":24}},"loc":{"start":{"line":228,"column":61},"end":{"line":230,"column":5}}},"15":{"name":"(anonymous_15)","decl":{"start":{"line":232,"column":12},"end":{"line":232,"column":13}},"loc":{"start":{"line":232,"column":38},"end":{"line":232,"column":62}}},"16":{"name":"(anonymous_16)","decl":{"start":{"line":233,"column":12},"end":{"line":233,"column":13}},"loc":{"start":{"line":233,"column":65},"end":{"line":236,"column":7}}},"17":{"name":"(anonymous_17)","decl":{"start":{"line":251,"column":30},"end":{"line":251,"column":39}},"loc":{"start":{"line":251,"column":42},"end":{"line":251,"column":60}}},"18":{"name":"(anonymous_18)","decl":{"start":{"line":255,"column":23},"end":{"line":255,"column":28}},"loc":{"start":{"line":255,"column":96},"end":{"line":267,"column":3}}},"19":{"name":"(anonymous_19)","decl":{"start":{"line":265,"column":19},"end":{"line":265,"column":30}},"loc":{"start":{"line":265,"column":33},"end":{"line":265,"column":58}}},"20":{"name":"(anonymous_20)","decl":{"start":{"line":268,"column":21},"end":{"line":268,"column":26}},"loc":{"start":{"line":268,"column":91},"end":{"line":273,"column":3}}},"21":{"name":"(anonymous_21)","decl":{"start":{"line":277,"column":25},"end":{"line":277,"column":30}},"loc":{"start":{"line":277,"column":51},"end":{"line":300,"column":3}}},"22":{"name":"(anonymous_22)","decl":{"start":{"line":278,"column":29},"end":{"line":278,"column":30}},"loc":{"start":{"line":278,"column":94},"end":{"line":299,"column":5}}},"23":{"name":"(anonymous_23)","decl":{"start":{"line":286,"column":81},"end":{"line":286,"column":90}},"loc":{"start":{"line":286,"column":92},"end":{"line":296,"column":7}}},"24":{"name":"(anonymous_24)","decl":{"start":{"line":297,"column":27},"end":{"line":297,"column":36}},"loc":{"start":{"line":297,"column":38},"end":{"line":297,"column":60}}},"25":{"name":"(anonymous_25)","decl":{"start":{"line":298,"column":25},"end":{"line":298,"column":34}},"loc":{"start":{"line":298,"column":36},"end":{"line":298,"column":60}}}},"branchMap":{"0":{"loc":{"start":{"line":81,"column":23},"end":{"line":81,"column":63}},"type":"cond-expr","locations":[{"start":{"line":81,"column":46},"end":{"line":81,"column":50}},{"start":{"line":81,"column":53},"end":{"line":81,"column":63}}]},"1":{"loc":{"start":{"line":83,"column":27},"end":{"line":83,"column":65}},"type":"cond-expr","locations":[{"start":{"line":83,"column":40},"end":{"line":83,"column":44}},{"start":{"line":83,"column":47},"end":{"line":83,"column":65}}]},"2":{"loc":{"start":{"line":84,"column":53},"end":{"line":84,"column":90}},"type":"cond-expr","locations":[{"start":{"line":84,"column":66},"end":{"line":84,"column":68}},{"start":{"line":84,"column":71},"end":{"line":84,"column":90}}]},"3":{"loc":{"start":{"line":85,"column":2},"end":{"line":88,"column":3}},"type":"if","locations":[{"start":{"line":85,"column":2},"end":{"line":88,"column":3}},{"start":{},"end":{}}]},"4":{"loc":{"start":{"line":85,"column":6},"end":{"line":85,"column":45}},"type":"binary-expr","locations":[{"start":{"line":85,"column":6},"end":{"line":85,"column":25}},{"start":{"line":85,"column":29},"end":{"line":85,"column":45}}]},"5":{"loc":{"start":{"line":90,"column":9},"end":{"line":90,"column":59}},"type":"cond-expr","locations":[{"start":{"line":90,"column":27},"end":{"line":90,"column":48}},{"start":{"line":90,"column":51},"end":{"line":90,"column":59}}]},"6":{"loc":{"start":{"line":102,"column":2},"end":{"line":102,"column":34}},"type":"if","locations":[{"start":{"line":102,"column":2},"end":{"line":102,"column":34}},{"start":{},"end":{}}]},"7":{"loc":{"start":{"line":103,"column":16},"end":{"line":103,"column":30}},"type":"binary-expr","locations":[{"start":{"line":103,"column":16},"end":{"line":103,"column":24}},{"start":{"line":103,"column":28},"end":{"line":103,"column":30}}]},"8":{"loc":{"start":{"line":103,"column":38},"end":{"line":103,"column":53}},"type":"binary-expr","locations":[{"start":{"line":103,"column":38},"end":{"line":103,"column":46}},{"start":{"line":103,"column":50},"end":{"line":103,"column":53}}]},"9":{"loc":{"start":{"line":114,"column":2},"end":{"line":114,"column":46}},"type":"if","locations":[{"start":{"line":114,"column":2},"end":{"line":114,"column":46}},{"start":{},"end":{}}]},"10":{"loc":{"start":{"line":120,"column":4},"end":{"line":120,"column":29}},"type":"if","locations":[{"start":{"line":120,"column":4},"end":{"line":120,"column":29}},{"start":{},"end":{}}]},"11":{"loc":{"start":{"line":121,"column":4},"end":{"line":121,"column":60}},"type":"if","locations":[{"start":{"line":121,"column":4},"end":{"line":121,"column":60}},{"start":{},"end":{}}]},"12":{"loc":{"start":{"line":129,"column":2},"end":{"line":129,"column":37}},"type":"if","locations":[{"start":{"line":129,"column":2},"end":{"line":129,"column":37}},{"start":{},"end":{}}]},"13":{"loc":{"start":{"line":131,"column":9},"end":{"line":131,"column":111}},"type":"cond-expr","locations":[{"start":{"line":131,"column":91},"end":{"line":131,"column":104}},{"start":{"line":131,"column":107},"end":{"line":131,"column":111}}]},"14":{"loc":{"start":{"line":131,"column":9},"end":{"line":131,"column":88}},"type":"binary-expr","locations":[{"start":{"line":131,"column":9},"end":{"line":131,"column":22}},{"start":{"line":131,"column":26},"end":{"line":131,"column":48}},{"start":{"line":131,"column":52},"end":{"line":131,"column":88}}]},"15":{"loc":{"start":{"line":136,"column":37},"end":{"line":136,"column":74}},"type":"binary-expr","locations":[{"start":{"line":136,"column":37},"end":{"line":136,"column":68}},{"start":{"line":136,"column":72},"end":{"line":136,"column":74}}]},"16":{"loc":{"start":{"line":137,"column":32},"end":{"line":137,"column":60}},"type":"binary-expr","locations":[{"start":{"line":137,"column":32},"end":{"line":137,"column":54}},{"start":{"line":137,"column":58},"end":{"line":137,"column":60}}]},"17":{"loc":{"start":{"line":138,"column":9},"end":{"line":138,"column":123}},"type":"binary-expr","locations":[{"start":{"line":138,"column":9},"end":{"line":138,"column":49}},{"start":{"line":138,"column":54},"end":{"line":138,"column":89}},{"start":{"line":138,"column":93},"end":{"line":138,"column":122}}]},"18":{"loc":{"start":{"line":149,"column":15},"end":{"line":149,"column":45}},"type":"binary-expr","locations":[{"start":{"line":149,"column":15},"end":{"line":149,"column":27}},{"start":{"line":149,"column":31},"end":{"line":149,"column":45}}]},"19":{"loc":{"start":{"line":151,"column":49},"end":{"line":151,"column":72}},"type":"binary-expr","locations":[{"start":{"line":151,"column":49},"end":{"line":151,"column":63}},{"start":{"line":151,"column":67},"end":{"line":151,"column":72}}]},"20":{"loc":{"start":{"line":163,"column":39},"end":{"line":163,"column":78}},"type":"cond-expr","locations":[{"start":{"line":163,"column":54},"end":{"line":163,"column":58}},{"start":{"line":163,"column":61},"end":{"line":163,"column":78}}]},"21":{"loc":{"start":{"line":164,"column":25},"end":{"line":164,"column":76}},"type":"cond-expr","locations":[{"start":{"line":164,"column":42},"end":{"line":164,"column":50}},{"start":{"line":164,"column":53},"end":{"line":164,"column":76}}]},"22":{"loc":{"start":{"line":170,"column":44},"end":{"line":170,"column":107}},"type":"cond-expr","locations":[{"start":{"line":170,"column":94},"end":{"line":170,"column":100}},{"start":{"line":170,"column":103},"end":{"line":170,"column":107}}]},"23":{"loc":{"start":{"line":170,"column":44},"end":{"line":170,"column":91}},"type":"binary-expr","locations":[{"start":{"line":170,"column":44},"end":{"line":170,"column":70}},{"start":{"line":170,"column":74},"end":{"line":170,"column":91}}]},"24":{"loc":{"start":{"line":176,"column":6},"end":{"line":176,"column":129}},"type":"cond-expr","locations":[{"start":{"line":176,"column":18},"end":{"line":176,"column":60}},{"start":{"line":176,"column":63},"end":{"line":176,"column":129}}]},"25":{"loc":{"start":{"line":178,"column":4},"end":{"line":180,"column":5}},"type":"if","locations":[{"start":{"line":178,"column":4},"end":{"line":180,"column":5}},{"start":{},"end":{}}]},"26":{"loc":{"start":{"line":183,"column":4},"end":{"line":185,"column":5}},"type":"if","locations":[{"start":{"line":183,"column":4},"end":{"line":185,"column":5}},{"start":{},"end":{}}]},"27":{"loc":{"start":{"line":184,"column":25},"end":{"line":184,"column":51}},"type":"binary-expr","locations":[{"start":{"line":184,"column":25},"end":{"line":184,"column":38}},{"start":{"line":184,"column":42},"end":{"line":184,"column":51}}]},"28":{"loc":{"start":{"line":188,"column":42},"end":{"line":188,"column":81}},"type":"cond-expr","locations":[{"start":{"line":188,"column":59},"end":{"line":188,"column":69}},{"start":{"line":188,"column":72},"end":{"line":188,"column":81}}]},"29":{"loc":{"start":{"line":190,"column":4},"end":{"line":198,"column":5}},"type":"if","locations":[{"start":{"line":190,"column":4},"end":{"line":198,"column":5}},{"start":{"line":192,"column":11},"end":{"line":198,"column":5}}]},"30":{"loc":{"start":{"line":196,"column":57},"end":{"line":196,"column":111}},"type":"cond-expr","locations":[{"start":{"line":196,"column":82},"end":{"line":196,"column":95}},{"start":{"line":196,"column":98},"end":{"line":196,"column":111}}]},"31":{"loc":{"start":{"line":201,"column":4},"end":{"line":203,"column":5}},"type":"if","locations":[{"start":{"line":201,"column":4},"end":{"line":203,"column":5}},{"start":{},"end":{}}]},"32":{"loc":{"start":{"line":209,"column":11},"end":{"line":209,"column":84}},"type":"cond-expr","locations":[{"start":{"line":209,"column":40},"end":{"line":209,"column":52}},{"start":{"line":209,"column":55},"end":{"line":209,"column":84}}]},"33":{"loc":{"start":{"line":214,"column":4},"end":{"line":217,"column":5}},"type":"if","locations":[{"start":{"line":214,"column":4},"end":{"line":217,"column":5}},{"start":{},"end":{}}]},"34":{"loc":{"start":{"line":219,"column":4},"end":{"line":222,"column":5}},"type":"if","locations":[{"start":{"line":219,"column":4},"end":{"line":222,"column":5}},{"start":{},"end":{}}]},"35":{"loc":{"start":{"line":234,"column":36},"end":{"line":234,"column":50}},"type":"binary-expr","locations":[{"start":{"line":234,"column":36},"end":{"line":234,"column":42}},{"start":{"line":234,"column":46},"end":{"line":234,"column":50}}]},"36":{"loc":{"start":{"line":238,"column":4},"end":{"line":244,"column":5}},"type":"if","locations":[{"start":{"line":238,"column":4},"end":{"line":244,"column":5}},{"start":{},"end":{}}]},"37":{"loc":{"start":{"line":246,"column":4},"end":{"line":250,"column":5}},"type":"if","locations":[{"start":{"line":246,"column":4},"end":{"line":250,"column":5}},{"start":{},"end":{}}]},"38":{"loc":{"start":{"line":247,"column":50},"end":{"line":247,"column":80}},"type":"binary-expr","locations":[{"start":{"line":247,"column":50},"end":{"line":247,"column":72}},{"start":{"line":247,"column":76},"end":{"line":247,"column":80}}]},"39":{"loc":{"start":{"line":257,"column":4},"end":{"line":259,"column":5}},"type":"if","locations":[{"start":{"line":257,"column":4},"end":{"line":259,"column":5}},{"start":{},"end":{}}]},"40":{"loc":{"start":{"line":257,"column":8},"end":{"line":257,"column":62}},"type":"binary-expr","locations":[{"start":{"line":257,"column":8},"end":{"line":257,"column":22}},{"start":{"line":257,"column":26},"end":{"line":257,"column":62}}]},"41":{"loc":{"start":{"line":261,"column":4},"end":{"line":263,"column":5}},"type":"if","locations":[{"start":{"line":261,"column":4},"end":{"line":263,"column":5}},{"start":{},"end":{}}]},"42":{"loc":{"start":{"line":279,"column":35},"end":{"line":279,"column":53}},"type":"binary-expr","locations":[{"start":{"line":279,"column":35},"end":{"line":279,"column":46}},{"start":{"line":279,"column":50},"end":{"line":279,"column":53}}]},"43":{"loc":{"start":{"line":280,"column":41},"end":{"line":280,"column":88}},"type":"cond-expr","locations":[{"start":{"line":280,"column":58},"end":{"line":280,"column":62}},{"start":{"line":280,"column":65},"end":{"line":280,"column":88}}]},"44":{"loc":{"start":{"line":281,"column":6},"end":{"line":284,"column":7}},"type":"if","locations":[{"start":{"line":281,"column":6},"end":{"line":284,"column":7}},{"start":{},"end":{}}]},"45":{"loc":{"start":{"line":281,"column":10},"end":{"line":281,"column":113}},"type":"binary-expr","locations":[{"start":{"line":281,"column":10},"end":{"line":281,"column":24}},{"start":{"line":281,"column":28},"end":{"line":281,"column":42}},{"start":{"line":281,"column":46},"end":{"line":281,"column":113}}]},"46":{"loc":{"start":{"line":288,"column":36},"end":{"line":288,"column":59}},"type":"binary-expr","locations":[{"start":{"line":288,"column":36},"end":{"line":288,"column":50}},{"start":{"line":288,"column":54},"end":{"line":288,"column":59}}]},"47":{"loc":{"start":{"line":290,"column":33},"end":{"line":290,"column":86}},"type":"cond-expr","locations":[{"start":{"line":290,"column":56},"end":{"line":290,"column":72}},{"start":{"line":290,"column":75},"end":{"line":290,"column":86}}]},"48":{"loc":{"start":{"line":290,"column":75},"end":{"line":290,"column":86}},"type":"binary-expr","locations":[{"start":{"line":290,"column":75},"end":{"line":290,"column":80}},{"start":{"line":290,"column":84},"end":{"line":290,"column":86}}]},"49":{"loc":{"start":{"line":293,"column":8},"end":{"line":293,"column":50}},"type":"if","locations":[{"start":{"line":293,"column":8},"end":{"line":293,"column":50}},{"start":{},"end":{}}]}},"s":{"0":1,"1":1,"2":5,"3":5,"4":5,"5":5,"6":5,"7":3,"8":5,"9":5,"10":10,"11":10,"12":2,"13":8,"14":13,"15":5,"16":8,"17":8,"18":8,"19":0,"20":8,"21":0,"22":8,"23":8,"24":0,"25":8,"26":8,"27":0,"28":8,"29":8,"30":20,"31":20,"32":20,"33":24,"34":24,"35":24,"36":24,"37":24,"38":24,"39":24,"40":24,"41":11,"42":24,"43":1,"44":24,"45":2,"46":2,"47":2,"48":24,"49":2,"50":2,"51":2,"52":24,"53":18,"54":18,"55":5,"56":18,"57":18,"58":1,"59":17,"60":17,"61":17,"62":3,"63":14,"64":14,"65":14,"66":14,"67":4,"68":10,"69":10,"70":1,"71":13,"72":13,"73":13,"74":12,"75":1,"76":24,"77":2,"78":2,"79":24,"80":6,"81":6,"82":3,"83":3,"84":3,"85":3,"86":0,"87":0,"88":3,"89":3,"90":6,"91":3,"92":1,"93":1,"94":1,"95":3,"96":1,"97":1,"98":1,"99":2,"100":2,"101":2,"102":1,"103":1,"104":1,"105":1,"106":0,"107":24,"108":3,"109":3,"110":2,"111":1,"112":1,"113":1,"114":0,"115":0,"116":24,"117":1,"118":1,"119":24,"120":21,"121":3,"122":3,"123":3,"124":2,"125":2,"126":1,"127":1,"128":1,"129":1,"130":1,"131":7,"132":1,"133":1,"134":0,"135":1,"136":1,"137":1,"138":0,"139":1,"140":0,"141":24},"f":{"0":1,"1":5,"2":10,"3":13,"4":20,"5":24,"6":11,"7":1,"8":2,"9":2,"10":18,"11":5,"12":2,"13":6,"14":6,"15":1,"16":1,"17":0,"18":3,"19":0,"20":1,"21":21,"22":3,"23":1,"24":0,"25":0},"b":{"0":[4,1],"1":[2,3],"2":[2,3],"3":[3,2],"4":[5,4],"5":[3,2],"6":[2,8],"7":[8,0],"8":[8,0],"9":[5,8],"10":[0,8],"11":[0,8],"12":[0,8],"13":[7,1],"14":[8,7,7],"15":[20,2],"16":[20,0],"17":[20,4,1],"18":[24,0],"19":[24,24],"20":[1,1],"21":[1,1],"22":[1,1],"23":[2,1],"24":[4,1],"25":[1,17],"26":[3,14],"27":[3,0],"28":[4,10],"29":[4,10],"30":[1,0],"31":[12,1],"32":[1,1],"33":[3,3],"34":[0,3],"35":[1,0],"36":[1,2],"37":[1,1],"38":[1,1],"39":[2,1],"40":[3,3],"41":[1,0],"42":[3,0],"43":[0,3],"44":[2,1],"45":[3,3,2],"46":[1,0],"47":[0,7],"48":[7,0],"49":[0,1]}}
,"/home/rudolph/src/mise/apps/porter/src/config.ts": {"path":"/home/rudolph/src/mise/apps/porter/src/config.ts","statementMap":{"0":{"start":{"line":50,"column":43},"end":{"line":50,"column":47}},"1":{"start":{"line":57,"column":51},"end":{"line":57,"column":53}},"2":{"start":{"line":66,"column":31},"end":{"line":66,"column":61}},"3":{"start":{"line":67,"column":2},"end":{"line":67,"column":42}},"4":{"start":{"line":80,"column":38},"end":{"line":80,"column":57}},"5":{"start":{"line":81,"column":2},"end":{"line":83,"column":3}},"6":{"start":{"line":82,"column":4},"end":{"line":82,"column":121}},"7":{"start":{"line":84,"column":2},"end":{"line":88,"column":3}},"8":{"start":{"line":85,"column":4},"end":{"line":85,"column":21}},"9":{"start":{"line":87,"column":4},"end":{"line":87,"column":64}},"10":{"start":{"line":89,"column":27},"end":{"line":89,"column":73}},"11":{"start":{"line":90,"column":23},"end":{"line":90,"column":39}},"12":{"start":{"line":91,"column":2},"end":{"line":93,"column":3}},"13":{"start":{"line":92,"column":4},"end":{"line":92,"column":62}},"14":{"start":{"line":94,"column":28},"end":{"line":94,"column":90}},"15":{"start":{"line":95,"column":30},"end":{"line":95,"column":47}},"16":{"start":{"line":96,"column":2},"end":{"line":98,"column":3}},"17":{"start":{"line":97,"column":4},"end":{"line":97,"column":80}},"18":{"start":{"line":99,"column":28},"end":{"line":99,"column":84}},"19":{"start":{"line":102,"column":31},"end":{"line":102,"column":96}},"20":{"start":{"line":103,"column":2},"end":{"line":105,"column":3}},"21":{"start":{"line":104,"column":4},"end":{"line":104,"column":118}},"22":{"start":{"line":106,"column":2},"end":{"line":115,"column":4}}},"fnMap":{"0":{"name":"chellEntry_locate","decl":{"start":{"line":65,"column":16},"end":{"line":65,"column":33}},"loc":{"start":{"line":65,"column":33},"end":{"line":68,"column":1}}},"1":{"name":"porterConfig_resolve","decl":{"start":{"line":79,"column":16},"end":{"line":79,"column":36}},"loc":{"start":{"line":79,"column":98},"end":{"line":116,"column":1}}}},"branchMap":{"0":{"loc":{"start":{"line":79,"column":53},"end":{"line":79,"column":98}},"type":"default-arg","locations":[{"start":{"line":79,"column":81},"end":{"line":79,"column":98}}]},"1":{"loc":{"start":{"line":81,"column":2},"end":{"line":83,"column":3}},"type":"if","locations":[{"start":{"line":81,"column":2},"end":{"line":83,"column":3}},{"start":{},"end":{}}]},"2":{"loc":{"start":{"line":81,"column":6},"end":{"line":81,"column":51}},"type":"binary-expr","locations":[{"start":{"line":81,"column":6},"end":{"line":81,"column":27}},{"start":{"line":81,"column":31},"end":{"line":81,"column":51}}]},"3":{"loc":{"start":{"line":89,"column":27},"end":{"line":89,"column":73}},"type":"binary-expr","locations":[{"start":{"line":89,"column":27},"end":{"line":89,"column":42}},{"start":{"line":89,"column":46},"end":{"line":89,"column":73}}]},"4":{"loc":{"start":{"line":91,"column":2},"end":{"line":93,"column":3}},"type":"if","locations":[{"start":{"line":91,"column":2},"end":{"line":93,"column":3}},{"start":{},"end":{}}]},"5":{"loc":{"start":{"line":91,"column":6},"end":{"line":91,"column":58}},"type":"binary-expr","locations":[{"start":{"line":91,"column":6},"end":{"line":91,"column":29}},{"start":{"line":91,"column":33},"end":{"line":91,"column":42}},{"start":{"line":91,"column":46},"end":{"line":91,"column":58}}]},"6":{"loc":{"start":{"line":94,"column":28},"end":{"line":94,"column":90}},"type":"binary-expr","locations":[{"start":{"line":94,"column":28},"end":{"line":94,"column":51}},{"start":{"line":94,"column":55},"end":{"line":94,"column":90}}]},"7":{"loc":{"start":{"line":96,"column":2},"end":{"line":98,"column":3}},"type":"if","locations":[{"start":{"line":96,"column":2},"end":{"line":98,"column":3}},{"start":{},"end":{}}]},"8":{"loc":{"start":{"line":96,"column":6},"end":{"line":96,"column":55}},"type":"binary-expr","locations":[{"start":{"line":96,"column":6},"end":{"line":96,"column":35}},{"start":{"line":96,"column":39},"end":{"line":96,"column":55}}]},"9":{"loc":{"start":{"line":99,"column":28},"end":{"line":99,"column":84}},"type":"binary-expr","locations":[{"start":{"line":99,"column":28},"end":{"line":99,"column":46}},{"start":{"line":99,"column":50},"end":{"line":99,"column":84}}]},"10":{"loc":{"start":{"line":102,"column":31},"end":{"line":102,"column":96}},"type":"binary-expr","locations":[{"start":{"line":102,"column":31},"end":{"line":102,"column":62}},{"start":{"line":102,"column":66},"end":{"line":102,"column":96}}]},"11":{"loc":{"start":{"line":103,"column":2},"end":{"line":105,"column":3}},"type":"if","locations":[{"start":{"line":103,"column":2},"end":{"line":105,"column":3}},{"start":{},"end":{}}]},"12":{"loc":{"start":{"line":103,"column":6},"end":{"line":103,"column":53}},"type":"binary-expr","locations":[{"start":{"line":103,"column":6},"end":{"line":103,"column":37}},{"start":{"line":103,"column":41},"end":{"line":103,"column":53}}]},"13":{"loc":{"start":{"line":107,"column":13},"end":{"line":107,"column":60}},"type":"cond-expr","locations":[{"start":{"line":107,"column":37},"end":{"line":107,"column":44}},{"start":{"line":107,"column":47},"end":{"line":107,"column":60}}]},"14":{"loc":{"start":{"line":108,"column":14},"end":{"line":108,"column":63}},"type":"binary-expr","locations":[{"start":{"line":108,"column":14},"end":{"line":108,"column":34}},{"start":{"line":108,"column":38},"end":{"line":108,"column":63}}]},"15":{"loc":{"start":{"line":109,"column":10},"end":{"line":109,"column":40}},"type":"binary-expr","locations":[{"start":{"line":109,"column":10},"end":{"line":109,"column":25}},{"start":{"line":109,"column":29},"end":{"line":109,"column":40}}]},"16":{"loc":{"start":{"line":111,"column":16},"end":{"line":111,"column":49}},"type":"binary-expr","locations":[{"start":{"line":111,"column":16},"end":{"line":111,"column":32}},{"start":{"line":111,"column":36},"end":{"line":111,"column":49}}]},"17":{"loc":{"start":{"line":112,"column":12},"end":{"line":112,"column":89}},"type":"cond-expr","locations":[{"start":{"line":112,"column":27},"end":{"line":112,"column":55}},{"start":{"line":112,"column":58},"end":{"line":112,"column":89}}]}},"s":{"0":1,"1":1,"2":1,"3":1,"4":11,"5":11,"6":1,"7":10,"8":10,"9":1,"10":9,"11":9,"12":9,"13":1,"14":8,"15":8,"16":8,"17":1,"18":7,"19":7,"20":7,"21":1,"22":6},"f":{"0":1,"1":11},"b":{"0":[0],"1":[1,10],"2":[11,10],"3":[9,7],"4":[1,8],"5":[9,8,8],"6":[8,6],"7":[1,7],"8":[8,7],"9":[7,5],"10":[7,2],"11":[1,6],"12":[7,2],"13":[5,1],"14":[6,5],"15":[6,5],"16":[6,5],"17":[1,5]}}
,"/home/rudolph/src/mise/apps/porter/src/door.ts": {"path":"/home/rudolph/src/mise/apps/porter/src/door.ts","statementMap":{"0":{"start":{"line":18,"column":35},"end":{"line":18,"column":51}},"1":{"start":{"line":38,"column":2},"end":{"line":38,"column":112}},"2":{"start":{"line":48,"column":2},"end":{"line":48,"column":105}},"3":{"start":{"line":59,"column":25},"end":{"line":59,"column":107}},"4":{"start":{"line":60,"column":2},"end":{"line":90,"column":2}}},"fnMap":{"0":{"name":"doorCookie_options","decl":{"start":{"line":37,"column":16},"end":{"line":37,"column":34}},"loc":{"start":{"line":37,"column":65},"end":{"line":39,"column":1}}},"1":{"name":"html_escape","decl":{"start":{"line":47,"column":9},"end":{"line":47,"column":20}},"loc":{"start":{"line":47,"column":33},"end":{"line":49,"column":1}}},"2":{"name":"loginPage_render","decl":{"start":{"line":58,"column":16},"end":{"line":58,"column":32}},"loc":{"start":{"line":58,"column":71},"end":{"line":91,"column":1}}}},"branchMap":{"0":{"loc":{"start":{"line":59,"column":25},"end":{"line":59,"column":107}},"type":"cond-expr","locations":[{"start":{"line":59,"column":43},"end":{"line":59,"column":45}},{"start":{"line":59,"column":48},"end":{"line":59,"column":107}}]}},"s":{"0":1,"1":13,"2":3,"3":2,"4":2},"f":{"0":13,"1":3,"2":2},"b":{"0":[1,1]}}
,"/home/rudolph/src/mise/apps/porter/src/registry.ts": {"path":"/home/rudolph/src/mise/apps/porter/src/registry.ts","statementMap":{"0":{"start":{"line":26,"column":54},"end":{"line":26,"column":63}},"1":{"start":{"line":35,"column":4},"end":{"line":35,"column":38}},"2":{"start":{"line":40,"column":32},"end":{"line":40,"column":85}},"3":{"start":{"line":41,"column":4},"end":{"line":41,"column":37}},"4":{"start":{"line":42,"column":4},"end":{"line":42,"column":17}},"5":{"start":{"line":47,"column":4},"end":{"line":47,"column":39}},"6":{"start":{"line":52,"column":4},"end":{"line":52,"column":27}},"7":{"start":{"line":57,"column":4},"end":{"line":57,"column":36}}},"fnMap":{"0":{"name":"(anonymous_0)","decl":{"start":{"line":34,"column":9},"end":{"line":34,"column":15}},"loc":{"start":{"line":34,"column":32},"end":{"line":36,"column":3}}},"1":{"name":"(anonymous_1)","decl":{"start":{"line":39,"column":9},"end":{"line":39,"column":13}},"loc":{"start":{"line":39,"column":58},"end":{"line":43,"column":3}}},"2":{"name":"(anonymous_2)","decl":{"start":{"line":46,"column":9},"end":{"line":46,"column":12}},"loc":{"start":{"line":46,"column":24},"end":{"line":48,"column":3}}},"3":{"name":"(anonymous_3)","decl":{"start":{"line":51,"column":9},"end":{"line":51,"column":15}},"loc":{"start":{"line":51,"column":27},"end":{"line":53,"column":3}}},"4":{"name":"(anonymous_4)","decl":{"start":{"line":56,"column":9},"end":{"line":56,"column":12}},"loc":{"start":{"line":56,"column":12},"end":{"line":58,"column":3}}}},"branchMap":{"0":{"loc":{"start":{"line":47,"column":11},"end":{"line":47,"column":38}},"type":"binary-expr","locations":[{"start":{"line":47,"column":11},"end":{"line":47,"column":30}},{"start":{"line":47,"column":34},"end":{"line":47,"column":38}}]}},"s":{"0":24,"1":13,"2":13,"3":13,"4":13,"5":8,"6":2,"7":3},"f":{"0":13,"1":13,"2":8,"3":2,"4":3},"b":{"0":[8,2]}}
,"/home/rudolph/src/mise/apps/porter/src/cube/auth.ts": {"path":"/home/rudolph/src/mise/apps/porter/src/cube/auth.ts","statementMap":{"0":{"start":{"line":39,"column":2},"end":{"line":47,"column":3}},"1":{"start":{"line":40,"column":4},"end":{"line":44,"column":7}},"2":{"start":{"line":46,"column":4},"end":{"line":46,"column":114}},"3":{"start":{"line":48,"column":2},"end":{"line":50,"column":3}},"4":{"start":{"line":49,"column":4},"end":{"line":49,"column":151}},"5":{"start":{"line":51,"column":24},"end":{"line":51,"column":45}},"6":{"start":{"line":52,"column":25},"end":{"line":52,"column":116}},"7":{"start":{"line":53,"column":2},"end":{"line":55,"column":3}},"8":{"start":{"line":54,"column":4},"end":{"line":54,"column":68}},"9":{"start":{"line":56,"column":2},"end":{"line":56,"column":19}}},"fnMap":{"0":{"name":"cubeToken_mint","decl":{"start":{"line":32,"column":22},"end":{"line":32,"column":36}},"loc":{"start":{"line":36,"column":54},"end":{"line":57,"column":1}}}},"branchMap":{"0":{"loc":{"start":{"line":36,"column":2},"end":{"line":36,"column":54}},"type":"default-arg","locations":[{"start":{"line":36,"column":25},"end":{"line":36,"column":54}}]},"1":{"loc":{"start":{"line":46,"column":55},"end":{"line":46,"column":109}},"type":"cond-expr","locations":[{"start":{"line":46,"column":80},"end":{"line":46,"column":93}},{"start":{"line":46,"column":96},"end":{"line":46,"column":109}}]},"2":{"loc":{"start":{"line":48,"column":2},"end":{"line":50,"column":3}},"type":"if","locations":[{"start":{"line":48,"column":2},"end":{"line":50,"column":3}},{"start":{},"end":{}}]},"3":{"loc":{"start":{"line":49,"column":34},"end":{"line":49,"column":148}},"type":"cond-expr","locations":[{"start":{"line":49,"column":87},"end":{"line":49,"column":111}},{"start":{"line":49,"column":114},"end":{"line":49,"column":148}}]},"4":{"loc":{"start":{"line":49,"column":34},"end":{"line":49,"column":84}},"type":"binary-expr","locations":[{"start":{"line":49,"column":34},"end":{"line":49,"column":57}},{"start":{"line":49,"column":61},"end":{"line":49,"column":84}}]},"5":{"loc":{"start":{"line":52,"column":25},"end":{"line":52,"column":116}},"type":"cond-expr","locations":[{"start":{"line":52,"column":70},"end":{"line":52,"column":104}},{"start":{"line":52,"column":107},"end":{"line":52,"column":116}}]},"6":{"loc":{"start":{"line":52,"column":25},"end":{"line":52,"column":66}},"type":"binary-expr","locations":[{"start":{"line":52,"column":25},"end":{"line":52,"column":49}},{"start":{"line":52,"column":53},"end":{"line":52,"column":66}}]},"7":{"loc":{"start":{"line":53,"column":2},"end":{"line":55,"column":3}},"type":"if","locations":[{"start":{"line":53,"column":2},"end":{"line":55,"column":3}},{"start":{},"end":{}}]},"8":{"loc":{"start":{"line":53,"column":6},"end":{"line":53,"column":53}},"type":"binary-expr","locations":[{"start":{"line":53,"column":6},"end":{"line":53,"column":31}},{"start":{"line":53,"column":35},"end":{"line":53,"column":53}}]}},"s":{"0":6,"1":6,"2":1,"3":5,"4":3,"5":2,"6":2,"7":2,"8":1,"9":1},"f":{"0":6},"b":{"0":[0],"1":[1,0],"2":[3,2],"3":[2,1],"4":[3,2],"5":[2,0],"6":[2,2],"7":[1,1],"8":[2,1]}}
,"/home/rudolph/src/mise/apps/porter/src/host/processHost.ts": {"path":"/home/rudolph/src/mise/apps/porter/src/host/processHost.ts","statementMap":{"0":{"start":{"line":78,"column":33},"end":{"line":81,"column":1}},"1":{"start":{"line":79,"column":30},"end":{"line":79,"column":99}},"2":{"start":{"line":80,"column":2},"end":{"line":80,"column":44}},"3":{"start":{"line":90,"column":2},"end":{"line":90,"column":30}},"4":{"start":{"line":90,"column":23},"end":{"line":90,"column":30}},"5":{"start":{"line":91,"column":25},"end":{"line":91,"column":27}},"6":{"start":{"line":92,"column":2},"end":{"line":100,"column":5}},"7":{"start":{"line":93,"column":4},"end":{"line":93,"column":33}},"8":{"start":{"line":94,"column":22},"end":{"line":94,"column":44}},"9":{"start":{"line":95,"column":4},"end":{"line":99,"column":5}},"10":{"start":{"line":96,"column":6},"end":{"line":96,"column":56}},"11":{"start":{"line":97,"column":6},"end":{"line":97,"column":41}},"12":{"start":{"line":98,"column":6},"end":{"line":98,"column":35}},"13":{"start":{"line":101,"column":2},"end":{"line":104,"column":5}},"14":{"start":{"line":102,"column":4},"end":{"line":102,"column":46}},"15":{"start":{"line":102,"column":29},"end":{"line":102,"column":46}},"16":{"start":{"line":103,"column":4},"end":{"line":103,"column":18}},"17":{"start":{"line":115,"column":58},"end":{"line":115,"column":67}},"18":{"start":{"line":118,"column":4},"end":{"line":118,"column":37}},"19":{"start":{"line":119,"column":4},"end":{"line":119,"column":41}},"20":{"start":{"line":120,"column":4},"end":{"line":120,"column":47}},"21":{"start":{"line":121,"column":4},"end":{"line":121,"column":93}},"22":{"start":{"line":121,"column":70},"end":{"line":121,"column":91}},"23":{"start":{"line":122,"column":4},"end":{"line":122,"column":58}},"24":{"start":{"line":123,"column":4},"end":{"line":123,"column":40}},"25":{"start":{"line":133,"column":25},"end":{"line":133,"column":72}},"26":{"start":{"line":134,"column":4},"end":{"line":139,"column":6}},"27":{"start":{"line":144,"column":25},"end":{"line":144,"column":79}},"28":{"start":{"line":145,"column":4},"end":{"line":145,"column":39}},"29":{"start":{"line":145,"column":27},"end":{"line":145,"column":39}},"30":{"start":{"line":146,"column":4},"end":{"line":153,"column":5}},"31":{"start":{"line":147,"column":37},"end":{"line":147,"column":94}},"32":{"start":{"line":148,"column":6},"end":{"line":150,"column":7}},"33":{"start":{"line":149,"column":8},"end":{"line":149,"column":83}},"34":{"start":{"line":154,"column":4},"end":{"line":154,"column":16}},"35":{"start":{"line":159,"column":32},"end":{"line":159,"column":57}},"36":{"start":{"line":160,"column":4},"end":{"line":160,"column":36}},"37":{"start":{"line":160,"column":24},"end":{"line":160,"column":36}},"38":{"start":{"line":161,"column":4},"end":{"line":161,"column":56}},"39":{"start":{"line":166,"column":48},"end":{"line":166,"column":75}},"40":{"start":{"line":167,"column":4},"end":{"line":167,"column":53}},"41":{"start":{"line":167,"column":28},"end":{"line":167,"column":53}},"42":{"start":{"line":168,"column":34},"end":{"line":175,"column":6}},"43":{"start":{"line":176,"column":4},"end":{"line":176,"column":40}},"44":{"start":{"line":177,"column":4},"end":{"line":177,"column":115}},"45":{"start":{"line":177,"column":88},"end":{"line":177,"column":111}},"46":{"start":{"line":178,"column":4},"end":{"line":178,"column":27}},"47":{"start":{"line":183,"column":30},"end":{"line":183,"column":59}},"48":{"start":{"line":184,"column":4},"end":{"line":184,"column":92}},"49":{"start":{"line":184,"column":43},"end":{"line":184,"column":92}},"50":{"start":{"line":185,"column":35},"end":{"line":194,"column":6}},"51":{"start":{"line":195,"column":34},"end":{"line":195,"column":181}},"52":{"start":{"line":196,"column":4},"end":{"line":196,"column":25}},"53":{"start":{"line":197,"column":22},"end":{"line":201,"column":5}},"54":{"start":{"line":198,"column":29},"end":{"line":198,"column":46}},"55":{"start":{"line":199,"column":6},"end":{"line":199,"column":30}},"56":{"start":{"line":200,"column":6},"end":{"line":200,"column":67}},"57":{"start":{"line":200,"column":47},"end":{"line":200,"column":67}},"58":{"start":{"line":202,"column":4},"end":{"line":202,"column":79}},"59":{"start":{"line":202,"column":55},"end":{"line":202,"column":77}},"60":{"start":{"line":203,"column":4},"end":{"line":203,"column":79}},"61":{"start":{"line":203,"column":55},"end":{"line":203,"column":77}},"62":{"start":{"line":204,"column":4},"end":{"line":204,"column":35}},"63":{"start":{"line":205,"column":32},"end":{"line":205,"column":36}},"64":{"start":{"line":206,"column":4},"end":{"line":206,"column":79}},"65":{"start":{"line":206,"column":56},"end":{"line":206,"column":75}},"66":{"start":{"line":208,"column":29},"end":{"line":208,"column":60}},"67":{"start":{"line":209,"column":4},"end":{"line":219,"column":5}},"68":{"start":{"line":210,"column":6},"end":{"line":212,"column":7}},"69":{"start":{"line":211,"column":8},"end":{"line":211,"column":98}},"70":{"start":{"line":213,"column":34},"end":{"line":213,"column":66}},"71":{"start":{"line":214,"column":6},"end":{"line":217,"column":7}},"72":{"start":{"line":215,"column":8},"end":{"line":215,"column":39}},"73":{"start":{"line":216,"column":8},"end":{"line":216,"column":21}},"74":{"start":{"line":218,"column":6},"end":{"line":218,"column":100}},"75":{"start":{"line":218,"column":63},"end":{"line":218,"column":96}},"76":{"start":{"line":220,"column":4},"end":{"line":220,"column":26}},"77":{"start":{"line":221,"column":4},"end":{"line":221,"column":123}},"78":{"start":{"line":228,"column":4},"end":{"line":228,"column":25}},"79":{"start":{"line":229,"column":4},"end":{"line":229,"column":27}},"80":{"start":{"line":230,"column":4},"end":{"line":230,"column":74}},"81":{"start":{"line":230,"column":45},"end":{"line":230,"column":74}},"82":{"start":{"line":231,"column":4},"end":{"line":231,"column":29}},"83":{"start":{"line":232,"column":4},"end":{"line":232,"column":52}},"84":{"start":{"line":232,"column":28},"end":{"line":232,"column":52}},"85":{"start":{"line":237,"column":46},"end":{"line":237,"column":73}},"86":{"start":{"line":238,"column":4},"end":{"line":238,"column":42}},"87":{"start":{"line":238,"column":30},"end":{"line":238,"column":42}},"88":{"start":{"line":239,"column":31},"end":{"line":239,"column":147}},"89":{"start":{"line":240,"column":4},"end":{"line":240,"column":67}},"90":{"start":{"line":240,"column":36},"end":{"line":240,"column":67}},"91":{"start":{"line":241,"column":4},"end":{"line":241,"column":83}},"92":{"start":{"line":241,"column":44},"end":{"line":241,"column":78}},"93":{"start":{"line":246,"column":46},"end":{"line":246,"column":73}},"94":{"start":{"line":247,"column":4},"end":{"line":251,"column":5}},"95":{"start":{"line":248,"column":6},"end":{"line":248,"column":35}},"96":{"start":{"line":249,"column":6},"end":{"line":249,"column":37}},"97":{"start":{"line":250,"column":6},"end":{"line":250,"column":18}},"98":{"start":{"line":254,"column":4},"end":{"line":254,"column":35}},"99":{"start":{"line":255,"column":4},"end":{"line":255,"column":17}}},"fnMap":{"0":{"name":"(anonymous_0)","decl":{"start":{"line":78,"column":33},"end":{"line":78,"column":34}},"loc":{"start":{"line":78,"column":155},"end":{"line":81,"column":1}}},"1":{"name":"stream_lines","decl":{"start":{"line":89,"column":9},"end":{"line":89,"column":21}},"loc":{"start":{"line":89,"column":90},"end":{"line":105,"column":1}}},"2":{"name":"(anonymous_2)","decl":{"start":{"line":92,"column":20},"end":{"line":92,"column":21}},"loc":{"start":{"line":92,"column":53},"end":{"line":100,"column":3}}},"3":{"name":"(anonymous_3)","decl":{"start":{"line":101,"column":19},"end":{"line":101,"column":28}},"loc":{"start":{"line":101,"column":30},"end":{"line":104,"column":3}}},"4":{"name":"(anonymous_4)","decl":{"start":{"line":117,"column":2},"end":{"line":117,"column":14}},"loc":{"start":{"line":117,"column":41},"end":{"line":124,"column":3}}},"5":{"name":"(anonymous_5)","decl":{"start":{"line":121,"column":35},"end":{"line":121,"column":36}},"loc":{"start":{"line":121,"column":70},"end":{"line":121,"column":91}}},"6":{"name":"(anonymous_6)","decl":{"start":{"line":132,"column":9},"end":{"line":132,"column":16}},"loc":{"start":{"line":132,"column":33},"end":{"line":140,"column":3}}},"7":{"name":"(anonymous_7)","decl":{"start":{"line":143,"column":10},"end":{"line":143,"column":20}},"loc":{"start":{"line":143,"column":37},"end":{"line":155,"column":3}}},"8":{"name":"(anonymous_8)","decl":{"start":{"line":158,"column":9},"end":{"line":158,"column":14}},"loc":{"start":{"line":158,"column":36},"end":{"line":162,"column":3}}},"9":{"name":"(anonymous_9)","decl":{"start":{"line":165,"column":9},"end":{"line":165,"column":14}},"loc":{"start":{"line":165,"column":83},"end":{"line":179,"column":3}}},"10":{"name":"(anonymous_10)","decl":{"start":{"line":177,"column":74},"end":{"line":177,"column":83}},"loc":{"start":{"line":177,"column":85},"end":{"line":177,"column":113}}},"11":{"name":"(anonymous_11)","decl":{"start":{"line":182,"column":10},"end":{"line":182,"column":15}},"loc":{"start":{"line":182,"column":92},"end":{"line":222,"column":3}}},"12":{"name":"(anonymous_12)","decl":{"start":{"line":197,"column":22},"end":{"line":197,"column":23}},"loc":{"start":{"line":197,"column":69},"end":{"line":201,"column":5}}},"13":{"name":"(anonymous_13)","decl":{"start":{"line":202,"column":31},"end":{"line":202,"column":32}},"loc":{"start":{"line":202,"column":55},"end":{"line":202,"column":77}}},"14":{"name":"(anonymous_14)","decl":{"start":{"line":203,"column":31},"end":{"line":203,"column":32}},"loc":{"start":{"line":203,"column":55},"end":{"line":203,"column":77}}},"15":{"name":"(anonymous_15)","decl":{"start":{"line":206,"column":23},"end":{"line":206,"column":24}},"loc":{"start":{"line":206,"column":53},"end":{"line":206,"column":77}}},"16":{"name":"(anonymous_16)","decl":{"start":{"line":218,"column":30},"end":{"line":218,"column":31}},"loc":{"start":{"line":218,"column":60},"end":{"line":218,"column":98}}},"17":{"name":"(anonymous_17)","decl":{"start":{"line":227,"column":10},"end":{"line":227,"column":18}},"loc":{"start":{"line":227,"column":84},"end":{"line":233,"column":3}}},"18":{"name":"(anonymous_18)","decl":{"start":{"line":236,"column":9},"end":{"line":236,"column":20}},"loc":{"start":{"line":236,"column":61},"end":{"line":242,"column":3}}},"19":{"name":"(anonymous_19)","decl":{"start":{"line":241,"column":30},"end":{"line":241,"column":39}},"loc":{"start":{"line":241,"column":41},"end":{"line":241,"column":80}}},"20":{"name":"(anonymous_20)","decl":{"start":{"line":245,"column":9},"end":{"line":245,"column":14}},"loc":{"start":{"line":245,"column":37},"end":{"line":256,"column":3}}}},"branchMap":{"0":{"loc":{"start":{"line":90,"column":2},"end":{"line":90,"column":30}},"type":"if","locations":[{"start":{"line":90,"column":2},"end":{"line":90,"column":30}},{"start":{},"end":{}}]},"1":{"loc":{"start":{"line":102,"column":4},"end":{"line":102,"column":46}},"type":"if","locations":[{"start":{"line":102,"column":4},"end":{"line":102,"column":46}},{"start":{},"end":{}}]},"2":{"loc":{"start":{"line":120,"column":19},"end":{"line":120,"column":46}},"type":"binary-expr","locations":[{"start":{"line":120,"column":19},"end":{"line":120,"column":32}},{"start":{"line":120,"column":36},"end":{"line":120,"column":46}}]},"3":{"loc":{"start":{"line":121,"column":17},"end":{"line":121,"column":92}},"type":"binary-expr","locations":[{"start":{"line":121,"column":17},"end":{"line":121,"column":30}},{"start":{"line":121,"column":35},"end":{"line":121,"column":91}}]},"4":{"loc":{"start":{"line":122,"column":25},"end":{"line":122,"column":57}},"type":"binary-expr","locations":[{"start":{"line":122,"column":25},"end":{"line":122,"column":46}},{"start":{"line":122,"column":50},"end":{"line":122,"column":57}}]},"5":{"loc":{"start":{"line":123,"column":18},"end":{"line":123,"column":39}},"type":"binary-expr","locations":[{"start":{"line":123,"column":18},"end":{"line":123,"column":32}},{"start":{"line":123,"column":36},"end":{"line":123,"column":39}}]},"6":{"loc":{"start":{"line":145,"column":4},"end":{"line":145,"column":39}},"type":"if","locations":[{"start":{"line":145,"column":4},"end":{"line":145,"column":39}},{"start":{},"end":{}}]},"7":{"loc":{"start":{"line":148,"column":6},"end":{"line":150,"column":7}},"type":"if","locations":[{"start":{"line":148,"column":6},"end":{"line":150,"column":7}},{"start":{},"end":{}}]},"8":{"loc":{"start":{"line":148,"column":10},"end":{"line":148,"column":115}},"type":"binary-expr","locations":[{"start":{"line":148,"column":10},"end":{"line":148,"column":40}},{"start":{"line":148,"column":44},"end":{"line":148,"column":76}},{"start":{"line":148,"column":80},"end":{"line":148,"column":115}}]},"9":{"loc":{"start":{"line":160,"column":4},"end":{"line":160,"column":36}},"type":"if","locations":[{"start":{"line":160,"column":4},"end":{"line":160,"column":36}},{"start":{},"end":{}}]},"10":{"loc":{"start":{"line":161,"column":11},"end":{"line":161,"column":55}},"type":"cond-expr","locations":[{"start":{"line":161,"column":43},"end":{"line":161,"column":48}},{"start":{"line":161,"column":51},"end":{"line":161,"column":55}}]},"11":{"loc":{"start":{"line":167,"column":4},"end":{"line":167,"column":53}},"type":"if","locations":[{"start":{"line":167,"column":4},"end":{"line":167,"column":53}},{"start":{},"end":{}}]},"12":{"loc":{"start":{"line":206,"column":65},"end":{"line":206,"column":74}},"type":"binary-expr","locations":[{"start":{"line":206,"column":65},"end":{"line":206,"column":69}},{"start":{"line":206,"column":73},"end":{"line":206,"column":74}}]},"13":{"loc":{"start":{"line":210,"column":6},"end":{"line":212,"column":7}},"type":"if","locations":[{"start":{"line":210,"column":6},"end":{"line":212,"column":7}},{"start":{},"end":{}}]},"14":{"loc":{"start":{"line":214,"column":6},"end":{"line":217,"column":7}},"type":"if","locations":[{"start":{"line":214,"column":6},"end":{"line":217,"column":7}},{"start":{},"end":{}}]},"15":{"loc":{"start":{"line":214,"column":10},"end":{"line":214,"column":57}},"type":"binary-expr","locations":[{"start":{"line":214,"column":10},"end":{"line":214,"column":24}},{"start":{"line":214,"column":29},"end":{"line":214,"column":56}}]},"16":{"loc":{"start":{"line":232,"column":4},"end":{"line":232,"column":52}},"type":"if","locations":[{"start":{"line":232,"column":4},"end":{"line":232,"column":52}},{"start":{},"end":{}}]},"17":{"loc":{"start":{"line":238,"column":4},"end":{"line":238,"column":42}},"type":"if","locations":[{"start":{"line":238,"column":4},"end":{"line":238,"column":42}},{"start":{},"end":{}}]},"18":{"loc":{"start":{"line":239,"column":84},"end":{"line":239,"column":144}},"type":"cond-expr","locations":[{"start":{"line":239,"column":114},"end":{"line":239,"column":139}},{"start":{"line":239,"column":142},"end":{"line":239,"column":144}}]},"19":{"loc":{"start":{"line":240,"column":4},"end":{"line":240,"column":67}},"type":"if","locations":[{"start":{"line":240,"column":4},"end":{"line":240,"column":67}},{"start":{},"end":{}}]},"20":{"loc":{"start":{"line":247,"column":4},"end":{"line":251,"column":5}},"type":"if","locations":[{"start":{"line":247,"column":4},"end":{"line":251,"column":5}},{"start":{},"end":{}}]},"21":{"loc":{"start":{"line":247,"column":8},"end":{"line":247,"column":55}},"type":"binary-expr","locations":[{"start":{"line":247,"column":8},"end":{"line":247,"column":21}},{"start":{"line":247,"column":25},"end":{"line":247,"column":55}}]}},"s":{"0":1,"1":0,"2":0,"3":12,"4":0,"5":12,"6":12,"7":3,"8":3,"9":3,"10":3,"11":3,"12":3,"13":12,"14":0,"15":0,"16":0,"17":7,"18":7,"19":7,"20":7,"21":7,"22":0,"23":7,"24":7,"25":31,"26":31,"27":19,"28":19,"29":13,"30":6,"31":6,"32":6,"33":6,"34":0,"35":3,"36":3,"37":1,"38":2,"39":7,"40":7,"41":1,"42":6,"43":6,"44":6,"45":6,"46":6,"47":6,"48":6,"49":24,"50":6,"51":6,"52":6,"53":6,"54":3,"55":3,"56":3,"57":1,"58":6,"59":2,"60":6,"61":1,"62":6,"63":6,"64":6,"65":3,"66":6,"67":6,"68":17,"69":1,"70":16,"71":16,"72":4,"73":4,"74":12,"75":12,"76":1,"77":1,"78":6,"79":6,"80":6,"81":1,"82":6,"83":6,"84":2,"85":3,"86":3,"87":0,"88":3,"89":3,"90":1,"91":3,"92":0,"93":2,"94":2,"95":1,"96":1,"97":1,"98":1,"99":1},"f":{"0":0,"1":12,"2":3,"3":0,"4":7,"5":0,"6":31,"7":19,"8":3,"9":7,"10":6,"11":6,"12":3,"13":2,"14":1,"15":3,"16":12,"17":6,"18":3,"19":0,"20":2},"b":{"0":[0,12],"1":[0,0],"2":[7,0],"3":[7,0],"4":[7,0],"5":[7,0],"6":[13,6],"7":[6,0],"8":[6,6,6],"9":[1,2],"10":[1,1],"11":[1,6],"12":[3,0],"13":[1,16],"14":[4,12],"15":[16,4],"16":[2,4],"17":[0,3],"18":[1,2],"19":[1,2],"20":[1,1],"21":[2,1]}}
}
