TN:
SF:src/app.ts
FN:68,berthHttp_of
FN:80,upstreamPath_build
FN:100,mountUrl_split
FN:113,cookieKey_read
FN:135,request_wantsJson
FN:147,porterApp_build
FN:157,(anonymous_6)
FN:159,(anonymous_7)
FN:161,(anonymous_8)
FN:167,(anonymous_9)
FN:173,(anonymous_10)
FN:175,(anonymous_11)
FN:207,(anonymous_12)
FN:212,(anonymous_13)
FN:228,(anonymous_14)
FN:232,(anonymous_15)
FN:233,(anonymous_16)
FN:251,(anonymous_17)
FN:255,(anonymous_18)
FN:265,(anonymous_19)
FN:268,(anonymous_20)
FN:277,(anonymous_21)
FN:278,(anonymous_22)
FN:286,(anonymous_23)
FN:297,(anonymous_24)
FN:298,(anonymous_25)
FNF:26
FNH:22
FNDA:1,berthHttp_of
FNDA:5,upstreamPath_build
FNDA:10,mountUrl_split
FNDA:13,cookieKey_read
FNDA:20,request_wantsJson
FNDA:24,porterApp_build
FNDA:11,(anonymous_6)
FNDA:1,(anonymous_7)
FNDA:2,(anonymous_8)
FNDA:2,(anonymous_9)
FNDA:18,(anonymous_10)
FNDA:5,(anonymous_11)
FNDA:2,(anonymous_12)
FNDA:6,(anonymous_13)
FNDA:6,(anonymous_14)
FNDA:1,(anonymous_15)
FNDA:1,(anonymous_16)
FNDA:0,(anonymous_17)
FNDA:3,(anonymous_18)
FNDA:0,(anonymous_19)
FNDA:1,(anonymous_20)
FNDA:21,(anonymous_21)
FNDA:3,(anonymous_22)
FNDA:1,(anonymous_23)
FNDA:0,(anonymous_24)
FNDA:0,(anonymous_25)
DA:57,1
DA:69,1
DA:81,5
DA:82,5
DA:83,5
DA:84,5
DA:85,5
DA:87,3
DA:89,5
DA:90,5
DA:101,10
DA:102,10
DA:103,8
DA:114,13
DA:118,8
DA:119,8
DA:120,8
DA:121,8
DA:122,8
DA:123,8
DA:125,0
DA:127,8
DA:129,8
DA:130,8
DA:131,8
DA:136,20
DA:137,20
DA:138,20
DA:148,24
DA:149,24
DA:150,24
DA:151,24
DA:152,24
DA:153,24
DA:154,24
DA:157,24
DA:159,24
DA:161,24
DA:162,2
DA:163,2
DA:164,2
DA:167,24
DA:168,2
DA:169,2
DA:170,2
DA:173,24
DA:174,18
DA:175,18
DA:176,5
DA:177,18
DA:178,18
DA:179,1
DA:181,17
DA:182,17
DA:183,17
DA:184,3
DA:186,14
DA:187,14
DA:188,14
DA:190,14
DA:191,4
DA:193,10
DA:194,10
DA:196,1
DA:199,13
DA:200,13
DA:201,13
DA:202,12
DA:204,1
DA:207,24
DA:208,2
DA:209,2
DA:212,24
DA:213,6
DA:214,6
DA:215,3
DA:216,3
DA:218,3
DA:219,3
DA:220,0
DA:221,0
DA:223,3
DA:228,3
DA:229,6
DA:231,3
DA:232,1
DA:234,1
DA:235,1
DA:238,3
DA:241,1
DA:242,1
DA:243,1
DA:245,2
DA:246,2
DA:247,1
DA:248,1
DA:249,1
DA:251,1
DA:255,24
DA:256,3
DA:257,3
DA:258,2
DA:260,1
DA:261,1
DA:262,1
DA:264,0
DA:265,0
DA:268,24
DA:271,1
DA:272,1
DA:277,24
DA:278,21
DA:279,3
DA:280,3
DA:281,3
DA:282,2
DA:283,2
DA:285,1
DA:286,1
DA:287,1
DA:288,1
DA:289,1
DA:290,7
DA:292,1
DA:293,1
DA:294,1
DA:295,1
DA:297,1
DA:298,1
DA:302,24
LF:130
LH:125
BRDA:81,0,0,4
BRDA:81,0,1,1
BRDA:83,1,0,2
BRDA:83,1,1,3
BRDA:84,2,0,2
BRDA:84,2,1,3
BRDA:85,3,0,3
BRDA:85,3,1,2
BRDA:85,4,0,5
BRDA:85,4,1,4
BRDA:90,5,0,3
BRDA:90,5,1,2
BRDA:102,6,0,2
BRDA:102,6,1,8
BRDA:103,7,0,8
BRDA:103,7,1,0
BRDA:103,8,0,8
BRDA:103,8,1,0
BRDA:114,9,0,5
BRDA:114,9,1,8
BRDA:120,10,0,0
BRDA:120,10,1,8
BRDA:121,11,0,0
BRDA:121,11,1,8
BRDA:129,12,0,0
BRDA:129,12,1,8
BRDA:131,13,0,7
BRDA:131,13,1,1
BRDA:131,14,0,8
BRDA:131,14,1,7
BRDA:131,14,2,7
BRDA:136,15,0,20
BRDA:136,15,1,2
BRDA:137,16,0,20
BRDA:137,16,1,0
BRDA:138,17,0,20
BRDA:138,17,1,4
BRDA:138,17,2,1
BRDA:149,18,0,24
BRDA:149,18,1,0
BRDA:151,19,0,24
BRDA:151,19,1,24
BRDA:163,20,0,1
BRDA:163,20,1,1
BRDA:164,21,0,1
BRDA:164,21,1,1
BRDA:170,22,0,1
BRDA:170,22,1,1
BRDA:170,23,0,2
BRDA:170,23,1,1
BRDA:176,24,0,4
BRDA:176,24,1,1
BRDA:178,25,0,1
BRDA:178,25,1,17
BRDA:183,26,0,3
BRDA:183,26,1,14
BRDA:184,27,0,3
BRDA:184,27,1,0
BRDA:188,28,0,4
BRDA:188,28,1,10
BRDA:190,29,0,4
BRDA:190,29,1,10
BRDA:196,30,0,1
BRDA:196,30,1,0
BRDA:201,31,0,12
BRDA:201,31,1,1
BRDA:209,32,0,1
BRDA:209,32,1,1
BRDA:214,33,0,3
BRDA:214,33,1,3
BRDA:219,34,0,0
BRDA:219,34,1,3
BRDA:234,35,0,1
BRDA:234,35,1,0
BRDA:238,36,0,1
BRDA:238,36,1,2
BRDA:246,37,0,1
BRDA:246,37,1,1
BRDA:247,38,0,1
BRDA:247,38,1,1
BRDA:257,39,0,2
BRDA:257,39,1,1
BRDA:257,40,0,3
BRDA:257,40,1,3
BRDA:261,41,0,1
BRDA:261,41,1,0
BRDA:279,42,0,3
BRDA:279,42,1,0
BRDA:280,43,0,0
BRDA:280,43,1,3
BRDA:281,44,0,2
BRDA:281,44,1,1
BRDA:281,45,0,3
BRDA:281,45,1,3
BRDA:281,45,2,2
BRDA:288,46,0,1
BRDA:288,46,1,0
BRDA:290,47,0,0
BRDA:290,47,1,7
BRDA:290,48,0,7
BRDA:290,48,1,0
BRDA:293,49,0,0
BRDA:293,49,1,1
BRF:103
BRH:85
end_of_record
TN:
SF:src/config.ts
FN:65,chellEntry_locate
FN:79,porterConfig_resolve
FNF:2
FNH:2
FNDA:1,chellEntry_locate
FNDA:11,porterConfig_resolve
DA:50,1
DA:57,1
DA:66,1
DA:67,1
DA:80,11
DA:81,11
DA:82,1
DA:84,10
DA:85,10
DA:87,1
DA:89,9
DA:90,9
DA:91,9
DA:92,1
DA:94,8
DA:95,8
DA:96,8
DA:97,1
DA:99,7
DA:102,7
DA:103,7
DA:104,1
DA:106,6
LF:23
LH:23
BRDA:79,0,0,0
BRDA:81,1,0,1
BRDA:81,1,1,10
BRDA:81,2,0,11
BRDA:81,2,1,10
BRDA:89,3,0,9
BRDA:89,3,1,7
BRDA:91,4,0,1
BRDA:91,4,1,8
BRDA:91,5,0,9
BRDA:91,5,1,8
BRDA:91,5,2,8
BRDA:94,6,0,8
BRDA:94,6,1,6
BRDA:96,7,0,1
BRDA:96,7,1,7
BRDA:96,8,0,8
BRDA:96,8,1,7
BRDA:99,9,0,7
BRDA:99,9,1,5
BRDA:102,10,0,7
BRDA:102,10,1,2
BRDA:103,11,0,1
BRDA:103,11,1,6
BRDA:103,12,0,7
BRDA:103,12,1,2
BRDA:107,13,0,5
BRDA:107,13,1,1
BRDA:108,14,0,6
BRDA:108,14,1,5
BRDA:109,15,0,6
BRDA:109,15,1,5
BRDA:111,16,0,6
BRDA:111,16,1,5
BRDA:112,17,0,1
BRDA:112,17,1,5
BRF:36
BRH:35
end_of_record
TN:
SF:src/door.ts
FN:37,doorCookie_options
FN:47,html_escape
FN:58,loginPage_render
FNF:3
FNH:3
FNDA:13,doorCookie_options
FNDA:3,html_escape
FNDA:2,loginPage_render
DA:18,1
DA:38,13
DA:48,3
DA:59,2
DA:60,2
LF:5
LH:5
BRDA:59,0,0,1
BRDA:59,0,1,1
BRF:2
BRH:2
end_of_record
TN:
SF:src/registry.ts
FN:34,(anonymous_0)
FN:39,(anonymous_1)
FN:46,(anonymous_2)
FN:51,(anonymous_3)
FN:56,(anonymous_4)
FNF:5
FNH:5
FNDA:13,(anonymous_0)
FNDA:13,(anonymous_1)
FNDA:8,(anonymous_2)
FNDA:2,(anonymous_3)
FNDA:3,(anonymous_4)
DA:26,24
DA:35,13
DA:40,13
DA:41,13
DA:42,13
DA:47,8
DA:52,2
DA:57,3
LF:8
LH:8
BRDA:47,0,0,8
BRDA:47,0,1,2
BRF:2
BRH:2
end_of_record
TN:
SF:src/cube/auth.ts
FN:32,cubeToken_mint
FNF:1
FNH:1
FNDA:6,cubeToken_mint
DA:39,6
DA:40,6
DA:46,1
DA:48,5
DA:49,3
DA:51,2
DA:52,2
DA:53,2
DA:54,1
DA:56,1
LF:10
LH:10
BRDA:36,0,0,0
BRDA:46,1,0,1
BRDA:46,1,1,0
BRDA:48,2,0,3
BRDA:48,2,1,2
BRDA:49,3,0,2
BRDA:49,3,1,1
BRDA:49,4,0,3
BRDA:49,4,1,2
BRDA:52,5,0,2
BRDA:52,5,1,0
BRDA:52,6,0,2
BRDA:52,6,1,2
BRDA:53,7,0,1
BRDA:53,7,1,1
BRDA:53,8,0,2
BRDA:53,8,1,1
BRF:17
BRH:14
end_of_record
TN:
SF:src/host/processHost.ts
FN:78,(anonymous_0)
FN:89,stream_lines
FN:92,(anonymous_2)
FN:101,(anonymous_3)
FN:117,(anonymous_4)
FN:121,(anonymous_5)
FN:132,(anonymous_6)
FN:143,(anonymous_7)
FN:158,(anonymous_8)
FN:165,(anonymous_9)
FN:177,(anonymous_10)
FN:182,(anonymous_11)
FN:197,(anonymous_12)
FN:202,(anonymous_13)
FN:203,(anonymous_14)
FN:206,(anonymous_15)
FN:218,(anonymous_16)
FN:227,(anonymous_17)
FN:236,(anonymous_18)
FN:241,(anonymous_19)
FN:245,(anonymous_20)
FNF:21
FNH:17
FNDA:0,(anonymous_0)
FNDA:12,stream_lines
FNDA:3,(anonymous_2)
FNDA:0,(anonymous_3)
FNDA:7,(anonymous_4)
FNDA:0,(anonymous_5)
FNDA:31,(anonymous_6)
FNDA:19,(anonymous_7)
FNDA:3,(anonymous_8)
FNDA:7,(anonymous_9)
FNDA:6,(anonymous_10)
FNDA:6,(anonymous_11)
FNDA:3,(anonymous_12)
FNDA:2,(anonymous_13)
FNDA:1,(anonymous_14)
FNDA:3,(anonymous_15)
FNDA:12,(anonymous_16)
FNDA:6,(anonymous_17)
FNDA:3,(anonymous_18)
FNDA:0,(anonymous_19)
FNDA:2,(anonymous_20)
DA:78,1
DA:79,0
DA:80,0
DA:90,12
DA:91,12
DA:92,12
DA:93,3
DA:94,3
DA:95,3
DA:96,3
DA:97,3
DA:98,3
DA:101,12
DA:102,0
DA:103,0
DA:115,7
DA:118,7
DA:119,7
DA:120,7
DA:121,7
DA:122,7
DA:123,7
DA:133,31
DA:134,31
DA:144,19
DA:145,19
DA:146,6
DA:147,6
DA:148,6
DA:149,6
DA:154,0
DA:159,3
DA:160,3
DA:161,2
DA:166,7
DA:167,7
DA:168,6
DA:176,6
DA:177,6
DA:178,6
DA:183,6
DA:184,24
DA:185,6
DA:195,6
DA:196,6
DA:197,6
DA:198,3
DA:199,3
DA:200,3
DA:202,6
DA:203,6
DA:204,6
DA:205,6
DA:206,6
DA:208,6
DA:209,6
DA:210,17
DA:211,1
DA:213,16
DA:214,16
DA:215,4
DA:216,4
DA:218,12
DA:220,1
DA:221,1
DA:228,6
DA:229,6
DA:230,6
DA:231,6
DA:232,6
DA:237,3
DA:238,3
DA:239,3
DA:240,3
DA:241,3
DA:246,2
DA:247,2
DA:248,1
DA:249,1
DA:250,1
DA:254,1
DA:255,1
LF:82
LH:77
BRDA:90,0,0,0
BRDA:90,0,1,12
BRDA:102,1,0,0
BRDA:102,1,1,0
BRDA:120,2,0,7
BRDA:120,2,1,0
BRDA:121,3,0,7
BRDA:121,3,1,0
BRDA:122,4,0,7
BRDA:122,4,1,0
BRDA:123,5,0,7
BRDA:123,5,1,0
BRDA:145,6,0,13
BRDA:145,6,1,6
BRDA:148,7,0,6
BRDA:148,7,1,0
BRDA:148,8,0,6
BRDA:148,8,1,6
BRDA:148,8,2,6
BRDA:160,9,0,1
BRDA:160,9,1,2
BRDA:161,10,0,1
BRDA:161,10,1,1
BRDA:167,11,0,1
BRDA:167,11,1,6
BRDA:206,12,0,3
BRDA:206,12,1,0
BRDA:210,13,0,1
BRDA:210,13,1,16
BRDA:214,14,0,4
BRDA:214,14,1,12
BRDA:214,15,0,16
BRDA:214,15,1,4
BRDA:232,16,0,2
BRDA:232,16,1,4
BRDA:238,17,0,0
BRDA:238,17,1,3
BRDA:239,18,0,1
BRDA:239,18,1,2
BRDA:240,19,0,1
BRDA:240,19,1,2
BRDA:247,20,0,1
BRDA:247,20,1,1
BRDA:247,21,0,2
BRDA:247,21,1,1
BRF:45
BRH:35
end_of_record
