TN:
SF:src/app.ts
FN:60,berthHttp_of
FN:72,upstreamPath_build
FN:92,mountUrl_split
FN:104,porterApp_build
FN:111,(anonymous_4)
FN:113,(anonymous_5)
FN:140,(anonymous_6)
FN:152,(anonymous_7)
FN:156,(anonymous_8)
FN:157,(anonymous_9)
FN:175,(anonymous_10)
FN:179,(anonymous_11)
FN:186,(anonymous_12)
FN:189,(anonymous_13)
FN:198,(anonymous_14)
FN:199,(anonymous_15)
FN:207,(anonymous_16)
FN:218,(anonymous_17)
FN:219,(anonymous_18)
FNF:19
FNH:15
FNDA:1,berthHttp_of
FNDA:5,upstreamPath_build
FNDA:7,mountUrl_split
FNDA:16,porterApp_build
FNDA:1,(anonymous_4)
FNDA:11,(anonymous_5)
FNDA:4,(anonymous_6)
FNDA:6,(anonymous_7)
FNDA:1,(anonymous_8)
FNDA:1,(anonymous_9)
FNDA:0,(anonymous_10)
FNDA:1,(anonymous_11)
FNDA:0,(anonymous_12)
FNDA:1,(anonymous_13)
FNDA:13,(anonymous_14)
FNDA:2,(anonymous_15)
FNDA:1,(anonymous_16)
FNDA:0,(anonymous_17)
FNDA:0,(anonymous_18)
DA:49,1
DA:61,1
DA:73,5
DA:74,5
DA:75,5
DA:76,5
DA:77,5
DA:79,3
DA:81,5
DA:82,5
DA:93,7
DA:94,7
DA:95,5
DA:105,16
DA:106,16
DA:107,16
DA:108,16
DA:109,16
DA:111,16
DA:113,16
DA:114,11
DA:115,11
DA:116,1
DA:118,10
DA:119,10
DA:120,10
DA:121,2
DA:123,8
DA:124,8
DA:125,8
DA:127,8
DA:128,3
DA:130,5
DA:131,5
DA:133,1
DA:136,7
DA:137,7
DA:140,16
DA:141,4
DA:142,4
DA:143,4
DA:144,1
DA:145,1
DA:147,3
DA:152,3
DA:153,6
DA:155,3
DA:156,1
DA:158,1
DA:159,1
DA:162,3
DA:165,1
DA:166,1
DA:167,1
DA:169,2
DA:170,2
DA:171,1
DA:172,1
DA:173,1
DA:175,1
DA:179,16
DA:180,1
DA:181,1
DA:182,1
DA:183,1
DA:185,0
DA:186,0
DA:189,16
DA:192,1
DA:193,1
DA:198,16
DA:199,13
DA:200,2
DA:201,2
DA:202,2
DA:203,1
DA:204,1
DA:206,1
DA:207,1
DA:208,1
DA:209,1
DA:210,1
DA:211,6
DA:213,1
DA:214,1
DA:215,1
DA:216,1
DA:218,1
DA:219,1
DA:223,16
LF:90
LH:88
BRDA:73,0,0,4
BRDA:73,0,1,1
BRDA:75,1,0,2
BRDA:75,1,1,3
BRDA:76,2,0,2
BRDA:76,2,1,3
BRDA:77,3,0,3
BRDA:77,4,0,5
BRDA:77,4,1,4
BRDA:82,5,0,3
BRDA:82,5,1,2
BRDA:94,6,0,2
BRDA:95,7,0,5
BRDA:95,7,1,0
BRDA:95,8,0,5
BRDA:95,8,1,0
BRDA:106,9,0,16
BRDA:106,9,1,0
BRDA:108,10,0,16
BRDA:108,10,1,16
BRDA:115,11,0,1
BRDA:120,12,0,2
BRDA:121,13,0,2
BRDA:121,13,1,0
BRDA:125,14,0,3
BRDA:125,14,1,5
BRDA:127,15,0,3
BRDA:127,15,1,5
BRDA:133,16,0,1
BRDA:133,16,1,0
BRDA:143,17,0,1
BRDA:158,18,0,1
BRDA:158,18,1,0
BRDA:162,19,0,1
BRDA:170,20,0,1
BRDA:171,21,0,1
BRDA:171,21,1,1
BRDA:181,22,0,0
BRDA:181,22,1,1
BRDA:182,23,0,1
BRDA:182,24,0,1
BRDA:182,24,1,1
BRDA:200,25,0,2
BRDA:200,25,1,0
BRDA:201,26,0,0
BRDA:201,26,1,2
BRDA:202,27,0,1
BRDA:202,28,0,2
BRDA:202,28,1,2
BRDA:209,29,0,1
BRDA:209,29,1,0
BRDA:211,30,0,0
BRDA:211,30,1,6
BRDA:211,31,0,6
BRDA:211,31,1,0
BRDA:214,32,0,0
BRF:56
BRH:43
end_of_record
TN:
SF:src/config.ts
FN:49,chellEntry_locate
FN:63,porterConfig_resolve
FNF:2
FNH:2
FNDA:1,chellEntry_locate
FNDA:7,porterConfig_resolve
DA:41,1
DA:50,1
DA:51,1
DA:64,7
DA:65,7
DA:66,1
DA:68,6
DA:69,6
DA:71,1
DA:73,5
DA:74,5
DA:75,5
DA:76,1
DA:78,4
DA:79,4
LF:15
LH:15
BRDA:63,0,0,0
BRDA:65,1,0,1
BRDA:65,2,0,7
BRDA:65,2,1,6
BRDA:73,3,0,5
BRDA:73,3,1,3
BRDA:75,4,0,1
BRDA:75,5,0,5
BRDA:75,5,1,4
BRDA:75,5,2,4
BRDA:78,6,0,4
BRDA:78,6,1,2
BRDA:80,7,0,3
BRDA:80,7,1,1
BRDA:81,8,0,4
BRDA:81,8,1,3
BRDA:82,9,0,4
BRDA:82,9,1,3
BRDA:84,10,0,4
BRDA:84,10,1,3
BRF:20
BRH:19
end_of_record
TN:
SF:src/registry.ts
FN:34,(anonymous_0)
FN:39,(anonymous_1)
FN:46,(anonymous_2)
FN:51,(anonymous_3)
FN:56,(anonymous_4)
FNF:5
FNH:5
FNDA:7,(anonymous_0)
FNDA:7,(anonymous_1)
FNDA:7,(anonymous_2)
FNDA:1,(anonymous_3)
FNDA:3,(anonymous_4)
DA:26,16
DA:35,7
DA:40,7
DA:41,7
DA:42,7
DA:47,7
DA:52,1
DA:57,3
LF:8
LH:8
BRDA:47,0,0,7
BRDA:47,0,1,3
BRF:2
BRH:2
end_of_record
TN:
SF:src/cube/auth.ts
FN:32,cubeToken_mint
FNF:1
FNH:1
FNDA:6,cubeToken_mint
DA:39,6
DA:40,6
DA:46,1
DA:48,5
DA:49,3
DA:51,2
DA:52,2
DA:53,2
DA:54,1
DA:56,1
LF:10
LH:10
BRDA:36,0,0,0
BRDA:46,1,0,1
BRDA:46,1,1,0
BRDA:48,2,0,3
BRDA:49,3,0,2
BRDA:49,3,1,1
BRDA:49,4,0,3
BRDA:49,4,1,2
BRDA:52,5,0,2
BRDA:52,5,1,0
BRDA:52,6,0,2
BRDA:52,6,1,2
BRDA:53,7,0,1
BRDA:53,8,0,2
BRDA:53,8,1,1
BRF:15
BRH:12
end_of_record
TN:
SF:src/host/processHost.ts
FN:78,(anonymous_0)
FN:89,stream_lines
FN:92,(anonymous_2)
FN:101,(anonymous_3)
FN:117,(anonymous_4)
FN:121,(anonymous_5)
FN:132,(anonymous_6)
FN:143,(anonymous_7)
FN:158,(anonymous_8)
FN:165,(anonymous_9)
FN:177,(anonymous_10)
FN:182,(anonymous_11)
FN:197,(anonymous_12)
FN:202,(anonymous_13)
FN:203,(anonymous_14)
FN:206,(anonymous_15)
FN:218,(anonymous_16)
FN:227,(anonymous_17)
FN:236,(anonymous_18)
FN:241,(anonymous_19)
FN:245,(anonymous_20)
FNF:21
FNH:17
FNDA:0,(anonymous_0)
FNDA:12,stream_lines
FNDA:3,(anonymous_2)
FNDA:0,(anonymous_3)
FNDA:7,(anonymous_4)
FNDA:0,(anonymous_5)
FNDA:31,(anonymous_6)
FNDA:19,(anonymous_7)
FNDA:3,(anonymous_8)
FNDA:7,(anonymous_9)
FNDA:6,(anonymous_10)
FNDA:6,(anonymous_11)
FNDA:3,(anonymous_12)
FNDA:2,(anonymous_13)
FNDA:1,(anonymous_14)
FNDA:3,(anonymous_15)
FNDA:12,(anonymous_16)
FNDA:6,(anonymous_17)
FNDA:3,(anonymous_18)
FNDA:0,(anonymous_19)
FNDA:2,(anonymous_20)
DA:78,1
DA:79,0
DA:80,0
DA:90,12
DA:91,12
DA:92,12
DA:93,3
DA:94,3
DA:95,3
DA:96,3
DA:97,3
DA:98,3
DA:101,12
DA:102,0
DA:103,0
DA:115,7
DA:118,7
DA:119,7
DA:120,7
DA:121,7
DA:122,7
DA:123,7
DA:133,31
DA:134,31
DA:144,19
DA:145,19
DA:146,6
DA:147,6
DA:148,6
DA:149,6
DA:154,0
DA:159,3
DA:160,3
DA:161,2
DA:166,7
DA:167,7
DA:168,6
DA:176,6
DA:177,6
DA:178,6
DA:183,6
DA:184,24
DA:185,6
DA:195,6
DA:196,6
DA:197,6
DA:198,3
DA:199,3
DA:200,3
DA:202,6
DA:203,6
DA:204,6
DA:205,6
DA:206,6
DA:208,6
DA:209,6
DA:210,17
DA:211,1
DA:213,16
DA:214,16
DA:215,4
DA:216,4
DA:218,12
DA:220,1
DA:221,1
DA:228,6
DA:229,6
DA:230,6
DA:231,6
DA:232,6
DA:237,3
DA:238,3
DA:239,3
DA:240,3
DA:241,3
DA:246,2
DA:247,2
DA:248,1
DA:249,1
DA:250,1
DA:254,1
DA:255,1
LF:82
LH:77
BRDA:90,0,0,0
BRDA:102,1,0,0
BRDA:120,2,0,7
BRDA:120,2,1,0
BRDA:121,3,0,7
BRDA:121,3,1,0
BRDA:122,4,0,7
BRDA:122,4,1,0
BRDA:123,5,0,7
BRDA:123,5,1,0
BRDA:145,6,0,13
BRDA:148,7,0,6
BRDA:148,8,0,6
BRDA:148,8,1,6
BRDA:148,8,2,6
BRDA:160,9,0,1
BRDA:161,10,0,1
BRDA:161,10,1,1
BRDA:167,11,0,1
BRDA:206,12,0,3
BRDA:206,12,1,0
BRDA:210,13,0,1
BRDA:214,14,0,4
BRDA:214,15,0,16
BRDA:214,15,1,4
BRDA:232,16,0,2
BRDA:238,17,0,0
BRDA:239,18,0,1
BRDA:239,18,1,2
BRDA:240,19,0,1
BRDA:247,20,0,1
BRDA:247,21,0,2
BRDA:247,21,1,1
BRF:33
BRH:25
end_of_record
